2019-10-01 14:54:19.795 SELECT 'domainapp.dom.impl.VehicleProductObject' AS NUCLEUS_TYPE,A0.price,B0.product_description,B0.product_id,B0.product_name,B0.product_price,C0.vehicle_brand_name,C0.vehicle_description,C0.vehicle_energy,C0.vehicle_id,C0.vehicle_model,C0.vehicle_picture_url,C0.vehicle_price,C0.vehicle_transmission FROM vehicle_product A0 INNER JOIN product B0 ON A0.PRODUCT = B0.product_id INNER JOIN vehicle C0 ON A0.VEHICLE = C0.vehicle_id
2019-10-01 14:54:26.548 SELECT 'domainapp.dom.impl.VehicleObject' AS NUCLEUS_TYPE,A0.vehicle_brand_name,A0.vehicle_description,A0.vehicle_energy,A0.vehicle_id,A0.vehicle_model,A0.vehicle_picture_url,A0.vehicle_price,A0.vehicle_transmission FROM vehicle A0
2019-10-01 14:54:31.445 SELECT 'domainapp.dom.impl.ProductObject' AS NUCLEUS_TYPE,A0.product_description,A0.product_id,A0.product_name,A0.product_price FROM product A0
2019-10-01 14:54:36.274 SELECT 'domainapp.dom.impl.UserObject' AS NUCLEUS_TYPE,A0.user_firstname,A0.user_lastname,A0.user_password,A0.user_role,A0.user_username,A0.user_id FROM `user` A0
2019-10-01 14:54:43.464 SELECT 'domainapp.dom.impl.VehicleProductObject' AS NUCLEUS_TYPE,A0.price,B0.product_description,B0.product_id,B0.product_name,B0.product_price,C0.vehicle_brand_name,C0.vehicle_description,C0.vehicle_energy,C0.vehicle_id,C0.vehicle_model,C0.vehicle_picture_url,C0.vehicle_price,C0.vehicle_transmission FROM vehicle_product A0 INNER JOIN product B0 ON A0.PRODUCT = B0.product_id INNER JOIN vehicle C0 ON A0.VEHICLE = C0.vehicle_id
2019-10-01 14:54:48.001 SELECT 'domainapp.dom.impl.VehicleObject' AS NUCLEUS_TYPE,A0.vehicle_brand_name,A0.vehicle_description,A0.vehicle_energy,A0.vehicle_id,A0.vehicle_model,A0.vehicle_picture_url,A0.vehicle_price,A0.vehicle_transmission FROM vehicle A0
2019-10-01 14:54:49.802 SELECT 'domainapp.dom.impl.UserObject' AS NUCLEUS_TYPE,A0.user_firstname,A0.user_lastname,A0.user_password,A0.user_role,A0.user_username,A0.user_id FROM `user` A0
2019-10-01 14:54:54.532 SELECT 'domainapp.dom.impl.VehicleObject' AS NUCLEUS_TYPE,A0.vehicle_brand_name,A0.vehicle_description,A0.vehicle_energy,A0.vehicle_id,A0.vehicle_model,A0.vehicle_picture_url,A0.vehicle_price,A0.vehicle_transmission FROM vehicle A0
2019-10-01 14:57:13.537 SELECT 'domainapp.dom.impl.VehicleObject' AS NUCLEUS_TYPE,A0.vehicle_brand_name,A0.vehicle_description,A0.vehicle_energy,A0.vehicle_id,A0.vehicle_model,A0.vehicle_picture_url,A0.vehicle_price,A0.vehicle_transmission FROM vehicle A0
2019-10-01 14:57:32.001 INSERT INTO product (product_description,product_name,product_price) VALUES (<null>,<'fdfd'>,<'nnnnne'>)
2019-10-01 14:57:32.366 SELECT A0.product_description,A0.product_name,A0.product_price FROM product A0 WHERE A0.product_id = <1>
2019-10-01 14:57:32.510 SELECT 'domainapp.dom.impl.VehicleProductObject' AS NUCLEUS_TYPE,A0.price,A0.PRODUCT,A0.VEHICLE FROM vehicle_product A0 WHERE A0.PRODUCT = <1>
2019-10-01 14:57:40.897 SELECT A0.product_description,A0.product_name,A0.product_price FROM product A0 WHERE A0.product_id = <1>
2019-10-01 14:57:43.547 SELECT A0.product_description,A0.product_name,A0.product_price FROM product A0 WHERE A0.product_id = <1>
2019-10-01 14:57:44.789 SELECT A0.product_description,A0.product_name,A0.product_price FROM product A0 WHERE A0.product_id = <1>
2019-10-01 14:57:45.302 SELECT A0.product_description,A0.product_name,A0.product_price FROM product A0 WHERE A0.product_id = <1>
2019-10-01 14:57:59.688 INSERT INTO vehicle (vehicle_brand_name,vehicle_description,vehicle_energy,vehicle_model,vehicle_picture_url,vehicle_price,vehicle_transmission) VALUES (<'fdfd'>,<null>,<'fdfd'>,<'ninim'>,<null>,<'111'>,<null>)
2019-10-01 14:57:59.817 SELECT A0.vehicle_brand_name,A0.vehicle_description,A0.vehicle_energy,A0.vehicle_model,A0.vehicle_picture_url,A0.vehicle_price,A0.vehicle_transmission FROM vehicle A0 WHERE A0.vehicle_id = <1>
2019-10-01 14:57:59.850 SELECT 'domainapp.dom.impl.VehicleProductObject' AS NUCLEUS_TYPE,A0.price,A0.PRODUCT,A0.VEHICLE FROM vehicle_product A0 WHERE A0.VEHICLE = <1>
2019-10-01 14:58:03.826 SELECT A0.vehicle_brand_name,A0.vehicle_description,A0.vehicle_energy,A0.vehicle_model,A0.vehicle_picture_url,A0.vehicle_price,A0.vehicle_transmission FROM vehicle A0 WHERE A0.vehicle_id = <1>
2019-10-01 14:58:05.259 SELECT A0.vehicle_brand_name,A0.vehicle_description,A0.vehicle_energy,A0.vehicle_model,A0.vehicle_picture_url,A0.vehicle_price,A0.vehicle_transmission FROM vehicle A0 WHERE A0.vehicle_id = <1>
2019-10-01 14:58:06.276 SELECT A0.vehicle_brand_name,A0.vehicle_description,A0.vehicle_energy,A0.vehicle_model,A0.vehicle_picture_url,A0.vehicle_price,A0.vehicle_transmission FROM vehicle A0 WHERE A0.vehicle_id = <1>
2019-10-01 14:58:32.187 SELECT A0.vehicle_brand_name,A0.vehicle_description,A0.vehicle_energy,A0.vehicle_model,A0.vehicle_picture_url,A0.vehicle_price,A0.vehicle_transmission FROM vehicle A0 WHERE A0.vehicle_id = <1>
2019-10-01 14:58:32.916 SELECT A0.vehicle_brand_name,A0.vehicle_description,A0.vehicle_energy,A0.vehicle_model,A0.vehicle_picture_url,A0.vehicle_price,A0.vehicle_transmission FROM vehicle A0 WHERE A0.vehicle_id = <1>
2019-10-01 14:58:39.423 SELECT 'domainapp.dom.impl.VehicleProductObject' AS NUCLEUS_TYPE,A0.price,B0.product_description,B0.product_id,B0.product_name,B0.product_price,C0.vehicle_brand_name,C0.vehicle_description,C0.vehicle_energy,C0.vehicle_id,C0.vehicle_model,C0.vehicle_picture_url,C0.vehicle_price,C0.vehicle_transmission FROM vehicle_product A0 INNER JOIN product B0 ON A0.PRODUCT = B0.product_id INNER JOIN vehicle C0 ON A0.VEHICLE = C0.vehicle_id
