2019-10-01 14:52:55.933 START: workQueue.size: 0, waited for: 1ms, InteractionDtoUtils.init()
2019-10-01 14:52:55.933 START: workQueue.size: 0, waited for: 1ms, SpecificationLoader#init()
2019-10-01 14:52:55.933 START: workQueue.size: 0, waited for: 1ms, ChangesDtoUtils.init()
2019-10-01 14:52:55.933 START: workQueue.size: 0, waited for: 1ms, persistenceSessionFactory#init(...)
2019-10-01 14:52:56.496 END: completed in: 563ms, ChangesDtoUtils.init()
2019-10-01 14:52:56.496 START: workQueue.size: 0, waited for: 564ms, CommandDtoUtils.init()
2019-10-01 14:52:56.548 END: completed in: 615ms, InteractionDtoUtils.init()
2019-10-01 14:52:56.563 START: workQueue.size: 1, waited for: 243ms, org.apache.isis.core.runtime.system.session.IsisSessionFactory: #introspectUpTo( TYPE_INTROSPECTED )
2019-10-01 14:52:56.572 END: completed in: 76ms, CommandDtoUtils.init()
2019-10-01 14:52:56.580 START: workQueue.size: 1, waited for: 260ms, org.apache.isis.core.runtime.system.persistence.PersistenceSessionFactory: #introspectUpTo( TYPE_INTROSPECTED )
2019-10-01 14:52:56.627 END: completed in: 64ms, org.apache.isis.core.runtime.system.session.IsisSessionFactory: #introspectUpTo( TYPE_INTROSPECTED )
2019-10-01 14:52:56.628 START: workQueue.size: 1, waited for: 307ms, org.apache.isis.core.metamodel.specloader.SpecificationLoader: #introspectUpTo( TYPE_INTROSPECTED )
2019-10-01 14:52:56.628 END: completed in: 48ms, org.apache.isis.core.runtime.system.persistence.PersistenceSessionFactory: #introspectUpTo( TYPE_INTROSPECTED )
2019-10-01 14:52:56.628 START: workQueue.size: 1, waited for: 308ms, org.apache.isis.core.runtime.authorization.standard.AuthorizationManagerStandard: #introspectUpTo( TYPE_INTROSPECTED )
2019-10-01 14:52:56.634 END: completed in: 7ms, org.apache.isis.core.metamodel.specloader.SpecificationLoader: #introspectUpTo( TYPE_INTROSPECTED )
2019-10-01 14:52:56.634 START: workQueue.size: 1, waited for: 314ms, org.apache.isis.core.runtime.authentication.standard.AuthenticationManagerStandard: #introspectUpTo( TYPE_INTROSPECTED )
2019-10-01 14:52:56.638 END: completed in: 9ms, org.apache.isis.core.runtime.authorization.standard.AuthorizationManagerStandard: #introspectUpTo( TYPE_INTROSPECTED )
2019-10-01 14:52:56.638 START: workQueue.size: 1, waited for: 318ms, org.apache.isis.core.commons.config.IsisConfigurationDefault: #introspectUpTo( TYPE_INTROSPECTED )
2019-10-01 14:52:56.663 END: completed in: 29ms, org.apache.isis.core.runtime.authentication.standard.AuthenticationManagerStandard: #introspectUpTo( TYPE_INTROSPECTED )
2019-10-01 14:52:56.675 START: workQueue.size: 1, waited for: 354ms, org.apache.isis.core.runtime.services.deplcat.DeploymentCategoryProviderDefault: #introspectUpTo( TYPE_INTROSPECTED )
2019-10-01 14:52:56.678 END: completed in: 4ms, org.apache.isis.core.runtime.services.deplcat.DeploymentCategoryProviderDefault: #introspectUpTo( TYPE_INTROSPECTED )
2019-10-01 14:52:56.678 START: workQueue.size: 1, waited for: 358ms, org.apache.isis.objectstore.jdo.datanucleus.service.eventbus.EventBusServiceJdo: #introspectUpTo( TYPE_INTROSPECTED )
2019-10-01 14:52:56.669 END: completed in: 30ms, org.apache.isis.core.commons.config.IsisConfigurationDefault: #introspectUpTo( TYPE_INTROSPECTED )
2019-10-01 14:52:56.680 START: workQueue.size: 1, waited for: 360ms, org.apache.isis.applib.services.queryresultscache.QueryResultsCache$Control: #introspectUpTo( TYPE_INTROSPECTED )
2019-10-01 14:52:56.692 END: completed in: 14ms, org.apache.isis.objectstore.jdo.datanucleus.service.eventbus.EventBusServiceJdo: #introspectUpTo( TYPE_INTROSPECTED )
2019-10-01 14:52:56.694 END: completed in: 14ms, org.apache.isis.applib.services.queryresultscache.QueryResultsCache$Control: #introspectUpTo( TYPE_INTROSPECTED )
2019-10-01 14:52:56.695 START: workQueue.size: 1, waited for: 375ms, org.apache.isis.applib.services.fixturespec.FixtureScriptsDefault: #introspectUpTo( TYPE_INTROSPECTED )
2019-10-01 14:52:56.703 START: workQueue.size: 1, waited for: 383ms, org.apache.isis.applib.services.layout.LayoutServiceMenu: #introspectUpTo( TYPE_INTROSPECTED )
2019-10-01 14:52:56.712 END: completed in: 9ms, org.apache.isis.applib.services.layout.LayoutServiceMenu: #introspectUpTo( TYPE_INTROSPECTED )
2019-10-01 14:52:56.712 START: workQueue.size: 1, waited for: 392ms, org.apache.isis.applib.services.metamodel.MetaModelServicesMenu: #introspectUpTo( TYPE_INTROSPECTED )
2019-10-01 14:52:56.716 END: completed in: 4ms, org.apache.isis.applib.services.metamodel.MetaModelServicesMenu: #introspectUpTo( TYPE_INTROSPECTED )
2019-10-01 14:52:56.716 START: workQueue.size: 1, waited for: 396ms, org.apache.isis.applib.services.swagger.SwaggerServiceMenu: #introspectUpTo( TYPE_INTROSPECTED )
2019-10-01 14:52:56.727 END: completed in: 11ms, org.apache.isis.applib.services.swagger.SwaggerServiceMenu: #introspectUpTo( TYPE_INTROSPECTED )
2019-10-01 14:52:56.727 START: workQueue.size: 1, waited for: 407ms, org.apache.isis.core.runtime.services.i18n.po.TranslationServicePoMenu: #introspectUpTo( TYPE_INTROSPECTED )
2019-10-01 14:52:56.734 END: completed in: 7ms, org.apache.isis.core.runtime.services.i18n.po.TranslationServicePoMenu: #introspectUpTo( TYPE_INTROSPECTED )
2019-10-01 14:52:56.734 START: workQueue.size: 1, waited for: 414ms, org.apache.isis.applib.services.hsqldb.HsqlDbManagerMenu: #introspectUpTo( TYPE_INTROSPECTED )
2019-10-01 14:52:56.737 END: completed in: 42ms, org.apache.isis.applib.services.fixturespec.FixtureScriptsDefault: #introspectUpTo( TYPE_INTROSPECTED )
2019-10-01 14:52:56.738 START: workQueue.size: 1, waited for: 418ms, org.apache.isis.applib.services.config.ConfigurationServiceMenu: #introspectUpTo( TYPE_INTROSPECTED )
2019-10-01 14:52:56.743 END: completed in: 5ms, org.apache.isis.applib.services.config.ConfigurationServiceMenu: #introspectUpTo( TYPE_INTROSPECTED )
2019-10-01 14:52:56.745 START: workQueue.size: 1, waited for: 423ms, org.apache.isis.applib.conmap.ContentMappingServiceForCommandDto$CopyOverFromCommand: #introspectUpTo( TYPE_INTROSPECTED )
2019-10-01 14:52:56.749 END: completed in: 15ms, org.apache.isis.applib.services.hsqldb.HsqlDbManagerMenu: #introspectUpTo( TYPE_INTROSPECTED )
2019-10-01 14:52:56.749 START: workQueue.size: 1, waited for: 429ms, domainapp.dom.impl.HelloWorldObjects: #introspectUpTo( TYPE_INTROSPECTED )
2019-10-01 14:52:56.750 END: completed in: 7ms, org.apache.isis.applib.conmap.ContentMappingServiceForCommandDto$CopyOverFromCommand: #introspectUpTo( TYPE_INTROSPECTED )
2019-10-01 14:52:56.750 START: workQueue.size: 1, waited for: 430ms, domainapp.dom.impl.ProductObjects: #introspectUpTo( TYPE_INTROSPECTED )
2019-10-01 14:52:56.756 END: completed in: 7ms, domainapp.dom.impl.HelloWorldObjects: #introspectUpTo( TYPE_INTROSPECTED )
2019-10-01 14:52:56.756 START: workQueue.size: 1, waited for: 436ms, domainapp.dom.impl.RoleObjects: #introspectUpTo( TYPE_INTROSPECTED )
2019-10-01 14:52:56.761 END: completed in: 5ms, domainapp.dom.impl.RoleObjects: #introspectUpTo( TYPE_INTROSPECTED )
2019-10-01 14:52:56.764 START: workQueue.size: 1, waited for: 444ms, domainapp.dom.impl.UserObjects: #introspectUpTo( TYPE_INTROSPECTED )
2019-10-01 14:52:56.767 END: completed in: 3ms, domainapp.dom.impl.UserObjects: #introspectUpTo( TYPE_INTROSPECTED )
2019-10-01 14:52:56.771 START: workQueue.size: 1, waited for: 451ms, domainapp.dom.impl.VehicleObjects: #introspectUpTo( TYPE_INTROSPECTED )
2019-10-01 14:52:56.773 END: completed in: 2ms, domainapp.dom.impl.VehicleObjects: #introspectUpTo( TYPE_INTROSPECTED )
2019-10-01 14:52:56.764 END: completed in: 13ms, domainapp.dom.impl.ProductObjects: #introspectUpTo( TYPE_INTROSPECTED )
2019-10-01 14:52:56.779 START: workQueue.size: 1, waited for: 459ms, domainapp.dom.impl.VehicleProductObjects: #introspectUpTo( TYPE_INTROSPECTED )
2019-10-01 14:52:56.784 END: completed in: 4ms, domainapp.dom.impl.VehicleProductObjects: #introspectUpTo( TYPE_INTROSPECTED )
2019-10-01 14:52:56.784 START: workQueue.size: 1, waited for: 464ms, org.apache.isis.applib.services.dto.DtoMappingHelper: #introspectUpTo( TYPE_INTROSPECTED )
2019-10-01 14:52:56.785 START: workQueue.size: 1, waited for: 465ms, org.apache.isis.core.runtime.services.background.CommandExecutorServiceDefault: #introspectUpTo( TYPE_INTROSPECTED )
2019-10-01 14:52:56.788 END: completed in: 3ms, org.apache.isis.core.runtime.services.background.CommandExecutorServiceDefault: #introspectUpTo( TYPE_INTROSPECTED )
2019-10-01 14:52:56.791 START: workQueue.size: 1, waited for: 470ms, org.apache.isis.core.runtime.services.menubars.MenuBarsLoaderServiceDefault: #introspectUpTo( TYPE_INTROSPECTED )
2019-10-01 14:52:56.790 END: completed in: 6ms, org.apache.isis.applib.services.dto.DtoMappingHelper: #introspectUpTo( TYPE_INTROSPECTED )
2019-10-01 14:52:56.806 START: workQueue.size: 1, waited for: 486ms, org.apache.isis.core.runtime.services.menubars.bootstrap3.MenuBarsServiceBS3: #introspectUpTo( TYPE_INTROSPECTED )
2019-10-01 14:52:56.813 END: completed in: 7ms, org.apache.isis.core.runtime.services.menubars.bootstrap3.MenuBarsServiceBS3: #introspectUpTo( TYPE_INTROSPECTED )
2019-10-01 14:52:56.816 START: workQueue.size: 1, waited for: 496ms, org.apache.isis.core.runtime.services.userprof.UserProfileServiceDefault: #introspectUpTo( TYPE_INTROSPECTED )
2019-10-01 14:52:56.818 END: completed in: 2ms, org.apache.isis.core.runtime.services.userprof.UserProfileServiceDefault: #introspectUpTo( TYPE_INTROSPECTED )
2019-10-01 14:52:56.820 START: workQueue.size: 1, waited for: 500ms, org.apache.isis.viewer.restfulobjects.rendering.service.conneg.ContentNegotiationServiceXRoDomainType: #introspectUpTo( TYPE_INTROSPECTED )
2019-10-01 14:52:56.814 END: completed in: 24ms, org.apache.isis.core.runtime.services.menubars.MenuBarsLoaderServiceDefault: #introspectUpTo( TYPE_INTROSPECTED )
2019-10-01 14:52:56.823 START: workQueue.size: 1, waited for: 503ms, org.apache.isis.viewer.restfulobjects.rendering.service.conneg.ContentNegotiationServiceOrgApacheIsisV1: #introspectUpTo( TYPE_INTROSPECTED )
2019-10-01 14:52:56.841 END: completed in: 19ms, org.apache.isis.viewer.restfulobjects.rendering.service.conneg.ContentNegotiationServiceXRoDomainType: #introspectUpTo( TYPE_INTROSPECTED )
2019-10-01 14:52:56.841 END: completed in: 18ms, org.apache.isis.viewer.restfulobjects.rendering.service.conneg.ContentNegotiationServiceOrgApacheIsisV1: #introspectUpTo( TYPE_INTROSPECTED )
2019-10-01 14:52:56.850 START: workQueue.size: 1, waited for: 530ms, org.apache.isis.core.runtime.services.persistsession.PersistenceSessionServiceInternalDefault: #introspectUpTo( TYPE_INTROSPECTED )
2019-10-01 14:52:56.850 START: workQueue.size: 1, waited for: 529ms, org.apache.isis.core.runtime.services.message.MessageServiceDefault: #introspectUpTo( TYPE_INTROSPECTED )
2019-10-01 14:52:56.856 END: completed in: 7ms, org.apache.isis.core.runtime.services.message.MessageServiceDefault: #introspectUpTo( TYPE_INTROSPECTED )
2019-10-01 14:52:56.858 START: workQueue.size: 1, waited for: 538ms, org.apache.isis.applib.annotation.Bulk$InteractionContext: #introspectUpTo( TYPE_INTROSPECTED )
2019-10-01 14:52:56.857 END: completed in: 7ms, org.apache.isis.core.runtime.services.persistsession.PersistenceSessionServiceInternalDefault: #introspectUpTo( TYPE_INTROSPECTED )
2019-10-01 14:52:56.861 START: workQueue.size: 1, waited for: 539ms, org.apache.isis.applib.conmap.ContentMappingServiceForCommandDto: #introspectUpTo( TYPE_INTROSPECTED )
2019-10-01 14:52:56.865 END: completed in: 7ms, org.apache.isis.applib.annotation.Bulk$InteractionContext: #introspectUpTo( TYPE_INTROSPECTED )
2019-10-01 14:52:56.865 START: workQueue.size: 1, waited for: 545ms, org.apache.isis.applib.conmap.ContentMappingServiceForCommandsDto: #introspectUpTo( TYPE_INTROSPECTED )
2019-10-01 14:52:56.866 END: completed in: 7ms, org.apache.isis.applib.conmap.ContentMappingServiceForCommandDto: #introspectUpTo( TYPE_INTROSPECTED )
2019-10-01 14:52:56.872 START: workQueue.size: 1, waited for: 551ms, org.apache.isis.applib.fixturescripts.ExecutionParametersService: #introspectUpTo( TYPE_INTROSPECTED )
2019-10-01 14:52:56.875 END: completed in: 10ms, org.apache.isis.applib.conmap.ContentMappingServiceForCommandsDto: #introspectUpTo( TYPE_INTROSPECTED )
2019-10-01 14:52:56.875 START: workQueue.size: 1, waited for: 555ms, org.apache.isis.applib.services.actinvoc.ActionInvocationContext: #introspectUpTo( TYPE_INTROSPECTED )
2019-10-01 14:52:56.876 END: completed in: 5ms, org.apache.isis.applib.fixturescripts.ExecutionParametersService: #introspectUpTo( TYPE_INTROSPECTED )
2019-10-01 14:52:56.880 START: workQueue.size: 1, waited for: 560ms, org.apache.isis.applib.services.audit.AuditerServiceLogging: #introspectUpTo( TYPE_INTROSPECTED )
2019-10-01 14:52:56.884 END: completed in: 4ms, org.apache.isis.applib.services.audit.AuditerServiceLogging: #introspectUpTo( TYPE_INTROSPECTED )
2019-10-01 14:52:56.884 START: workQueue.size: 1, waited for: 564ms, org.apache.isis.applib.services.classdiscovery.ClassDiscoveryServiceUsingReflections: #introspectUpTo( TYPE_INTROSPECTED )
2019-10-01 14:52:56.885 END: completed in: 10ms, org.apache.isis.applib.services.actinvoc.ActionInvocationContext: #introspectUpTo( TYPE_INTROSPECTED )
2019-10-01 14:52:56.885 START: workQueue.size: 1, waited for: 565ms, org.apache.isis.applib.services.clock.ClockService: #introspectUpTo( TYPE_INTROSPECTED )
2019-10-01 14:52:56.893 END: completed in: 8ms, org.apache.isis.applib.services.clock.ClockService: #introspectUpTo( TYPE_INTROSPECTED )
2019-10-01 14:52:56.894 START: workQueue.size: 1, waited for: 574ms, org.apache.isis.applib.services.command.CommandContext: #introspectUpTo( TYPE_INTROSPECTED )
2019-10-01 14:52:56.908 END: completed in: 24ms, org.apache.isis.applib.services.classdiscovery.ClassDiscoveryServiceUsingReflections: #introspectUpTo( TYPE_INTROSPECTED )
2019-10-01 14:52:56.908 START: workQueue.size: 1, waited for: 588ms, org.apache.isis.applib.services.iactn.InteractionContext: #introspectUpTo( TYPE_INTROSPECTED )
2019-10-01 14:52:56.908 END: completed in: 14ms, org.apache.isis.applib.services.command.CommandContext: #introspectUpTo( TYPE_INTROSPECTED )
2019-10-01 14:52:56.908 START: workQueue.size: 1, waited for: 588ms, org.apache.isis.applib.services.publish.PublisherServiceLogging: #introspectUpTo( TYPE_INTROSPECTED )
2019-10-01 14:52:56.911 END: completed in: 3ms, org.apache.isis.applib.services.iactn.InteractionContext: #introspectUpTo( TYPE_INTROSPECTED )
2019-10-01 14:52:56.912 START: workQueue.size: 1, waited for: 591ms, org.apache.isis.applib.services.queryresultscache.QueryResultsCache: #introspectUpTo( TYPE_INTROSPECTED )
2019-10-01 14:52:56.912 END: completed in: 4ms, org.apache.isis.applib.services.publish.PublisherServiceLogging: #introspectUpTo( TYPE_INTROSPECTED )
2019-10-01 14:52:56.913 START: workQueue.size: 1, waited for: 592ms, org.apache.isis.applib.services.routing.RoutingServiceDefault: #introspectUpTo( TYPE_INTROSPECTED )
2019-10-01 14:52:56.915 END: completed in: 4ms, org.apache.isis.applib.services.queryresultscache.QueryResultsCache: #introspectUpTo( TYPE_INTROSPECTED )
2019-10-01 14:52:56.915 START: workQueue.size: 1, waited for: 595ms, org.apache.isis.applib.services.scratchpad.Scratchpad: #introspectUpTo( TYPE_INTROSPECTED )
2019-10-01 14:52:56.917 END: completed in: 5ms, org.apache.isis.applib.services.routing.RoutingServiceDefault: #introspectUpTo( TYPE_INTROSPECTED )
2019-10-01 14:52:56.917 START: workQueue.size: 1, waited for: 597ms, org.apache.isis.applib.services.tablecol.TableColumnOrderService$Default: #introspectUpTo( TYPE_INTROSPECTED )
2019-10-01 14:52:56.918 END: completed in: 3ms, org.apache.isis.applib.services.scratchpad.Scratchpad: #introspectUpTo( TYPE_INTROSPECTED )
2019-10-01 14:52:56.920 END: completed in: 3ms, org.apache.isis.applib.services.tablecol.TableColumnOrderService$Default: #introspectUpTo( TYPE_INTROSPECTED )
2019-10-01 14:52:56.921 START: workQueue.size: 1, waited for: 601ms, org.apache.isis.applib.services.urlencoding.UrlEncodingServiceUsingBaseEncoding: #introspectUpTo( TYPE_INTROSPECTED )
2019-10-01 14:52:56.924 END: completed in: 3ms, org.apache.isis.applib.services.urlencoding.UrlEncodingServiceUsingBaseEncoding: #introspectUpTo( TYPE_INTROSPECTED )
2019-10-01 14:52:56.924 START: workQueue.size: 1, waited for: 604ms, org.apache.isis.core.metamodel.services.appfeat.ApplicationFeatureFactory: #introspectUpTo( TYPE_INTROSPECTED )
2019-10-01 14:52:56.930 END: completed in: 5ms, org.apache.isis.core.metamodel.services.appfeat.ApplicationFeatureFactory: #introspectUpTo( TYPE_INTROSPECTED )
2019-10-01 14:52:56.931 START: workQueue.size: 1, waited for: 611ms, org.apache.isis.core.metamodel.services.appfeat.ApplicationFeatureRepositoryDefault: #introspectUpTo( TYPE_INTROSPECTED )
2019-10-01 14:52:56.935 START: workQueue.size: 1, waited for: 614ms, org.apache.isis.core.metamodel.services.bookmarks.BookmarkServiceInternalDefault: #introspectUpTo( TYPE_INTROSPECTED )
2019-10-01 14:52:56.941 END: completed in: 6ms, org.apache.isis.core.metamodel.services.bookmarks.BookmarkServiceInternalDefault: #introspectUpTo( TYPE_INTROSPECTED )
2019-10-01 14:52:56.942 START: workQueue.size: 1, waited for: 622ms, org.apache.isis.core.metamodel.services.config.ConfigurationServiceDefault: #introspectUpTo( TYPE_INTROSPECTED )
2019-10-01 14:52:56.943 END: completed in: 12ms, org.apache.isis.core.metamodel.services.appfeat.ApplicationFeatureRepositoryDefault: #introspectUpTo( TYPE_INTROSPECTED )
2019-10-01 14:52:56.945 START: workQueue.size: 1, waited for: 625ms, org.apache.isis.core.metamodel.services.container.DomainObjectContainerDefault: #introspectUpTo( TYPE_INTROSPECTED )
2019-10-01 14:52:56.956 END: completed in: 14ms, org.apache.isis.core.metamodel.services.config.ConfigurationServiceDefault: #introspectUpTo( TYPE_INTROSPECTED )
2019-10-01 14:52:56.956 START: workQueue.size: 1, waited for: 636ms, org.apache.isis.core.metamodel.services.factory.FactoryServiceInternalDefault: #introspectUpTo( TYPE_INTROSPECTED )
2019-10-01 14:52:56.959 END: completed in: 3ms, org.apache.isis.core.metamodel.services.factory.FactoryServiceInternalDefault: #introspectUpTo( TYPE_INTROSPECTED )
2019-10-01 14:52:56.959 START: workQueue.size: 1, waited for: 639ms, org.apache.isis.core.metamodel.services.grid.GridLoaderServiceDefault: #introspectUpTo( TYPE_INTROSPECTED )
2019-10-01 14:52:56.963 END: completed in: 4ms, org.apache.isis.core.metamodel.services.grid.GridLoaderServiceDefault: #introspectUpTo( TYPE_INTROSPECTED )
2019-10-01 14:52:56.966 START: workQueue.size: 1, waited for: 646ms, org.apache.isis.core.metamodel.services.grid.GridServiceDefault: #introspectUpTo( TYPE_INTROSPECTED )
2019-10-01 14:52:56.970 END: completed in: 4ms, org.apache.isis.core.metamodel.services.grid.GridServiceDefault: #introspectUpTo( TYPE_INTROSPECTED )
2019-10-01 14:52:56.974 START: workQueue.size: 1, waited for: 653ms, org.apache.isis.core.metamodel.services.grid.bootstrap3.GridSystemServiceBS3: #introspectUpTo( TYPE_INTROSPECTED )
2019-10-01 14:52:56.983 END: completed in: 38ms, org.apache.isis.core.metamodel.services.container.DomainObjectContainerDefault: #introspectUpTo( TYPE_INTROSPECTED )
2019-10-01 14:52:56.983 START: workQueue.size: 1, waited for: 663ms, org.apache.isis.core.metamodel.services.layout.LayoutServiceDefault: #introspectUpTo( TYPE_INTROSPECTED )
2019-10-01 14:52:56.986 END: completed in: 3ms, org.apache.isis.core.metamodel.services.layout.LayoutServiceDefault: #introspectUpTo( TYPE_INTROSPECTED )
2019-10-01 14:52:56.986 START: workQueue.size: 1, waited for: 666ms, org.apache.isis.core.metamodel.services.message.MessageServiceNoop: #introspectUpTo( TYPE_INTROSPECTED )
2019-10-01 14:52:56.994 END: completed in: 18ms, org.apache.isis.core.metamodel.services.grid.bootstrap3.GridSystemServiceBS3: #introspectUpTo( TYPE_INTROSPECTED )
2019-10-01 14:52:56.994 START: workQueue.size: 1, waited for: 674ms, org.apache.isis.core.metamodel.services.metamodel.MetaModelServiceDefault: #introspectUpTo( TYPE_INTROSPECTED )
2019-10-01 14:52:56.996 END: completed in: 10ms, org.apache.isis.core.metamodel.services.message.MessageServiceNoop: #introspectUpTo( TYPE_INTROSPECTED )
2019-10-01 14:52:56.998 START: workQueue.size: 1, waited for: 678ms, org.apache.isis.core.metamodel.services.persistsession.PersistenceSessionServiceInternalNoop: #introspectUpTo( TYPE_INTROSPECTED )
2019-10-01 14:52:57.004 END: completed in: 9ms, org.apache.isis.core.metamodel.services.metamodel.MetaModelServiceDefault: #introspectUpTo( TYPE_INTROSPECTED )
2019-10-01 14:52:57.004 START: workQueue.size: 1, waited for: 684ms, org.apache.isis.core.metamodel.services.registry.ServiceRegistryDefault: #introspectUpTo( TYPE_INTROSPECTED )
2019-10-01 14:52:57.007 END: completed in: 3ms, org.apache.isis.core.metamodel.services.registry.ServiceRegistryDefault: #introspectUpTo( TYPE_INTROSPECTED )
2019-10-01 14:52:57.008 START: workQueue.size: 1, waited for: 688ms, org.apache.isis.core.metamodel.services.repository.RepositoryServiceInternalDefault: #introspectUpTo( TYPE_INTROSPECTED )
2019-10-01 14:52:57.016 END: completed in: 18ms, org.apache.isis.core.metamodel.services.persistsession.PersistenceSessionServiceInternalNoop: #introspectUpTo( TYPE_INTROSPECTED )
2019-10-01 14:52:57.016 START: workQueue.size: 1, waited for: 696ms, org.apache.isis.core.metamodel.services.swagger.SwaggerServiceDefault: #introspectUpTo( TYPE_INTROSPECTED )
2019-10-01 14:52:57.018 END: completed in: 10ms, org.apache.isis.core.metamodel.services.repository.RepositoryServiceInternalDefault: #introspectUpTo( TYPE_INTROSPECTED )
2019-10-01 14:52:57.018 START: workQueue.size: 1, waited for: 698ms, org.apache.isis.core.metamodel.services.title.TitleServiceDefault: #introspectUpTo( TYPE_INTROSPECTED )
2019-10-01 14:52:57.018 END: completed in: 2ms, org.apache.isis.core.metamodel.services.swagger.SwaggerServiceDefault: #introspectUpTo( TYPE_INTROSPECTED )
2019-10-01 14:52:57.019 START: workQueue.size: 1, waited for: 699ms, org.apache.isis.core.metamodel.services.user.UserServiceDefault: #introspectUpTo( TYPE_INTROSPECTED )
2019-10-01 14:52:57.020 END: completed in: 2ms, org.apache.isis.core.metamodel.services.title.TitleServiceDefault: #introspectUpTo( TYPE_INTROSPECTED )
2019-10-01 14:52:57.028 START: workQueue.size: 1, waited for: 708ms, org.apache.isis.core.metamodel.services.user.UserServiceDefault$SudoServiceSpi: #introspectUpTo( TYPE_INTROSPECTED )
2019-10-01 14:52:57.021 END: completed in: 2ms, org.apache.isis.core.metamodel.services.user.UserServiceDefault: #introspectUpTo( TYPE_INTROSPECTED )
2019-10-01 14:52:57.029 START: workQueue.size: 1, waited for: 709ms, org.apache.isis.core.metamodel.services.xactn.TransactionServiceDefault: #introspectUpTo( TYPE_INTROSPECTED )
2019-10-01 14:52:57.030 END: completed in: 2ms, org.apache.isis.core.metamodel.services.user.UserServiceDefault$SudoServiceSpi: #introspectUpTo( TYPE_INTROSPECTED )
2019-10-01 14:52:57.031 START: workQueue.size: 1, waited for: 711ms, org.apache.isis.core.runtime.services.auditing.AuditingServiceInternal: #introspectUpTo( TYPE_INTROSPECTED )
2019-10-01 14:52:57.033 END: completed in: 1ms, org.apache.isis.core.runtime.services.auditing.AuditingServiceInternal: #introspectUpTo( TYPE_INTROSPECTED )
2019-10-01 14:52:57.033 START: workQueue.size: 1, waited for: 713ms, org.apache.isis.core.runtime.services.authsess.AuthenticationSessionProviderDefault: #introspectUpTo( TYPE_INTROSPECTED )
2019-10-01 14:52:57.033 END: completed in: 4ms, org.apache.isis.core.metamodel.services.xactn.TransactionServiceDefault: #introspectUpTo( TYPE_INTROSPECTED )
2019-10-01 14:52:57.034 START: workQueue.size: 1, waited for: 714ms, org.apache.isis.core.runtime.services.background.BackgroundServiceDefault: #introspectUpTo( TYPE_INTROSPECTED )
2019-10-01 14:52:57.037 END: completed in: 3ms, org.apache.isis.core.runtime.services.background.BackgroundServiceDefault: #introspectUpTo( TYPE_INTROSPECTED )
2019-10-01 14:52:57.037 START: workQueue.size: 1, waited for: 717ms, org.apache.isis.core.runtime.services.changes.ChangedObjectsServiceInternal: #introspectUpTo( TYPE_INTROSPECTED )
2019-10-01 14:52:57.037 END: completed in: 4ms, org.apache.isis.core.runtime.services.authsess.AuthenticationSessionProviderDefault: #introspectUpTo( TYPE_INTROSPECTED )
2019-10-01 14:52:57.038 START: workQueue.size: 1, waited for: 718ms, org.apache.isis.core.runtime.services.command.CommandDtoServiceInternalDefault: #introspectUpTo( TYPE_INTROSPECTED )
2019-10-01 14:52:57.041 END: completed in: 3ms, org.apache.isis.core.runtime.services.command.CommandDtoServiceInternalDefault: #introspectUpTo( TYPE_INTROSPECTED )
2019-10-01 14:52:57.044 START: workQueue.size: 1, waited for: 724ms, org.apache.isis.core.runtime.services.command.CommandServiceDefault: #introspectUpTo( TYPE_INTROSPECTED )
2019-10-01 14:52:57.046 END: completed in: 2ms, org.apache.isis.core.runtime.services.command.CommandServiceDefault: #introspectUpTo( TYPE_INTROSPECTED )
2019-10-01 14:52:57.054 END: completed in: 17ms, org.apache.isis.core.runtime.services.changes.ChangedObjectsServiceInternal: #introspectUpTo( TYPE_INTROSPECTED )
2019-10-01 14:52:57.055 START: workQueue.size: 1, waited for: 735ms, org.apache.isis.core.runtime.services.homepage.HomePageProviderServiceDefault: #introspectUpTo( TYPE_INTROSPECTED )
2019-10-01 14:52:57.055 START: workQueue.size: 1, waited for: 735ms, org.apache.isis.core.runtime.services.email.EmailServiceDefault: #introspectUpTo( TYPE_INTROSPECTED )
2019-10-01 14:52:57.058 END: completed in: 3ms, org.apache.isis.core.runtime.services.email.EmailServiceDefault: #introspectUpTo( TYPE_INTROSPECTED )
2019-10-01 14:52:57.058 END: completed in: 3ms, org.apache.isis.core.runtime.services.homepage.HomePageProviderServiceDefault: #introspectUpTo( TYPE_INTROSPECTED )
2019-10-01 14:52:57.058 START: workQueue.size: 1, waited for: 738ms, org.apache.isis.core.runtime.services.ixn.InteractionDtoServiceInternalDefault: #introspectUpTo( TYPE_INTROSPECTED )
2019-10-01 14:52:57.058 START: workQueue.size: 1, waited for: 738ms, org.apache.isis.core.runtime.services.i18n.po.TranslationServicePo: #introspectUpTo( TYPE_INTROSPECTED )
2019-10-01 14:52:57.061 END: completed in: 3ms, org.apache.isis.core.runtime.services.ixn.InteractionDtoServiceInternalDefault: #introspectUpTo( TYPE_INTROSPECTED )
2019-10-01 14:52:57.062 START: workQueue.size: 1, waited for: 741ms, org.apache.isis.core.runtime.services.memento.MementoServiceDefault: #introspectUpTo( TYPE_INTROSPECTED )
2019-10-01 14:52:57.062 END: completed in: 4ms, org.apache.isis.core.runtime.services.i18n.po.TranslationServicePo: #introspectUpTo( TYPE_INTROSPECTED )
2019-10-01 14:52:57.062 START: workQueue.size: 1, waited for: 742ms, org.apache.isis.core.runtime.services.metrics.MetricsServiceDefault: #introspectUpTo( TYPE_INTROSPECTED )
2019-10-01 14:52:57.073 END: completed in: 11ms, org.apache.isis.core.runtime.services.metrics.MetricsServiceDefault: #introspectUpTo( TYPE_INTROSPECTED )
2019-10-01 14:52:57.073 END: completed in: 12ms, org.apache.isis.core.runtime.services.memento.MementoServiceDefault: #introspectUpTo( TYPE_INTROSPECTED )
2019-10-01 14:52:57.073 START: workQueue.size: 1, waited for: 753ms, org.apache.isis.core.runtime.services.publish.PublishingServiceInternalDefault: #introspectUpTo( TYPE_INTROSPECTED )
2019-10-01 14:52:57.073 START: workQueue.size: 1, waited for: 753ms, org.apache.isis.core.runtime.services.sessmgmt.SessionManagementServiceDefault: #introspectUpTo( TYPE_INTROSPECTED )
2019-10-01 14:52:57.076 END: completed in: 3ms, org.apache.isis.core.runtime.services.sessmgmt.SessionManagementServiceDefault: #introspectUpTo( TYPE_INTROSPECTED )
2019-10-01 14:52:57.076 START: workQueue.size: 1, waited for: 756ms, org.apache.isis.core.runtime.services.sudo.SudoServiceDefault: #introspectUpTo( TYPE_INTROSPECTED )
2019-10-01 14:52:57.076 END: completed in: 3ms, org.apache.isis.core.runtime.services.publish.PublishingServiceInternalDefault: #introspectUpTo( TYPE_INTROSPECTED )
2019-10-01 14:52:57.076 START: workQueue.size: 1, waited for: 756ms, org.apache.isis.core.runtime.services.userreg.EmailNotificationServiceDefault: #introspectUpTo( TYPE_INTROSPECTED )
2019-10-01 14:52:57.079 END: completed in: 3ms, org.apache.isis.core.runtime.services.userreg.EmailNotificationServiceDefault: #introspectUpTo( TYPE_INTROSPECTED )
2019-10-01 14:52:57.083 START: workQueue.size: 1, waited for: 763ms, org.apache.isis.core.runtime.services.xmlsnapshot.XmlSnapshotServiceDefault: #introspectUpTo( TYPE_INTROSPECTED )
2019-10-01 14:52:57.085 END: completed in: 9ms, org.apache.isis.core.runtime.services.sudo.SudoServiceDefault: #introspectUpTo( TYPE_INTROSPECTED )
2019-10-01 14:52:57.085 START: workQueue.size: 1, waited for: 765ms, org.apache.isis.objectstore.jdo.applib.service.exceprecog.ExceptionRecognizerCompositeForJdoObjectStore: #introspectUpTo( TYPE_INTROSPECTED )
2019-10-01 14:52:57.086 END: completed in: 3ms, org.apache.isis.core.runtime.services.xmlsnapshot.XmlSnapshotServiceDefault: #introspectUpTo( TYPE_INTROSPECTED )
2019-10-01 14:52:57.088 END: completed in: 3ms, org.apache.isis.objectstore.jdo.applib.service.exceprecog.ExceptionRecognizerCompositeForJdoObjectStore: #introspectUpTo( TYPE_INTROSPECTED )
2019-10-01 14:52:57.094 START: workQueue.size: 1, waited for: 774ms, org.apache.isis.objectstore.jdo.datanucleus.service.support.TimestampService: #introspectUpTo( TYPE_INTROSPECTED )
2019-10-01 14:52:57.094 START: workQueue.size: 1, waited for: 773ms, org.apache.isis.objectstore.jdo.datanucleus.service.support.IsisJdoSupportImpl: #introspectUpTo( TYPE_INTROSPECTED )
2019-10-01 14:52:57.097 END: completed in: 4ms, org.apache.isis.objectstore.jdo.datanucleus.service.support.IsisJdoSupportImpl: #introspectUpTo( TYPE_INTROSPECTED )
2019-10-01 14:52:57.097 START: workQueue.size: 1, waited for: 777ms, org.apache.isis.schema.services.jaxb.JaxbServiceDefault: #introspectUpTo( TYPE_INTROSPECTED )
2019-10-01 14:52:57.100 END: completed in: 3ms, org.apache.isis.schema.services.jaxb.JaxbServiceDefault: #introspectUpTo( TYPE_INTROSPECTED )
2019-10-01 14:52:57.105 END: completed in: 11ms, org.apache.isis.objectstore.jdo.datanucleus.service.support.TimestampService: #introspectUpTo( TYPE_INTROSPECTED )
2019-10-01 14:52:57.105 START: workQueue.size: 1, waited for: 785ms, org.apache.isis.viewer.restfulobjects.rendering.service.RepresentationServiceForRestfulObjects: #introspectUpTo( TYPE_INTROSPECTED )
2019-10-01 14:52:57.105 START: workQueue.size: 1, waited for: 785ms, org.apache.isis.viewer.restfulobjects.rendering.service.RepresentationServiceContentNegotiator: #introspectUpTo( TYPE_INTROSPECTED )
2019-10-01 14:52:57.108 END: completed in: 3ms, org.apache.isis.viewer.restfulobjects.rendering.service.RepresentationServiceContentNegotiator: #introspectUpTo( TYPE_INTROSPECTED )
2019-10-01 14:52:57.109 START: workQueue.size: 1, waited for: 789ms, org.apache.isis.viewer.restfulobjects.rendering.service.acceptheader.AcceptHeaderServiceForRest: #introspectUpTo( TYPE_INTROSPECTED )
2019-10-01 14:52:57.112 END: completed in: 6ms, org.apache.isis.viewer.restfulobjects.rendering.service.RepresentationServiceForRestfulObjects: #introspectUpTo( TYPE_INTROSPECTED )
2019-10-01 14:52:57.112 START: workQueue.size: 1, waited for: 792ms, org.apache.isis.viewer.restfulobjects.rendering.service.conneg.ContentNegotiationServiceForRestfulObjectsV1_0: #introspectUpTo( TYPE_INTROSPECTED )
2019-10-01 14:52:57.114 END: completed in: 5ms, org.apache.isis.viewer.restfulobjects.rendering.service.acceptheader.AcceptHeaderServiceForRest: #introspectUpTo( TYPE_INTROSPECTED )
2019-10-01 14:52:57.115 END: completed in: 3ms, org.apache.isis.viewer.restfulobjects.rendering.service.conneg.ContentNegotiationServiceForRestfulObjectsV1_0: #introspectUpTo( TYPE_INTROSPECTED )
2019-10-01 14:52:57.116 START: workQueue.size: 1, waited for: 796ms, org.apache.isis.viewer.wicket.viewer.services.DeepLinkServiceWicket: #introspectUpTo( TYPE_INTROSPECTED )
2019-10-01 14:52:57.116 START: workQueue.size: 1, waited for: 796ms, org.apache.isis.viewer.wicket.viewer.services.BookmarkUiServiceWicket: #introspectUpTo( TYPE_INTROSPECTED )
2019-10-01 14:52:57.119 END: completed in: 3ms, org.apache.isis.viewer.wicket.viewer.services.DeepLinkServiceWicket: #introspectUpTo( TYPE_INTROSPECTED )
2019-10-01 14:52:57.119 START: workQueue.size: 1, waited for: 799ms, org.apache.isis.viewer.wicket.viewer.services.GuiceBeanProviderWicket: #introspectUpTo( TYPE_INTROSPECTED )
2019-10-01 14:52:57.121 END: completed in: 2ms, org.apache.isis.viewer.wicket.viewer.services.GuiceBeanProviderWicket: #introspectUpTo( TYPE_INTROSPECTED )
2019-10-01 14:52:57.121 START: workQueue.size: 1, waited for: 801ms, org.apache.isis.viewer.wicket.viewer.services.HintStoreUsingWicketSession: #introspectUpTo( TYPE_INTROSPECTED )
2019-10-01 14:52:57.119 END: completed in: 3ms, org.apache.isis.viewer.wicket.viewer.services.BookmarkUiServiceWicket: #introspectUpTo( TYPE_INTROSPECTED )
2019-10-01 14:52:57.127 START: workQueue.size: 1, waited for: 807ms, org.apache.isis.viewer.wicket.viewer.services.LocaleProviderWicket: #introspectUpTo( TYPE_INTROSPECTED )
2019-10-01 14:52:57.130 END: completed in: 3ms, org.apache.isis.viewer.wicket.viewer.services.LocaleProviderWicket: #introspectUpTo( TYPE_INTROSPECTED )
2019-10-01 14:52:57.130 START: workQueue.size: 1, waited for: 810ms, org.apache.isis.viewer.wicket.viewer.services.TranslationsResolverWicket: #introspectUpTo( TYPE_INTROSPECTED )
2019-10-01 14:52:57.133 END: completed in: 2ms, org.apache.isis.viewer.wicket.viewer.services.TranslationsResolverWicket: #introspectUpTo( TYPE_INTROSPECTED )
2019-10-01 14:52:57.136 START: workQueue.size: 1, waited for: 813ms, org.apache.isis.applib.services.bookmark.BookmarkHolder_object: #introspectUpTo( TYPE_INTROSPECTED )
2019-10-01 14:52:57.139 END: completed in: 18ms, org.apache.isis.viewer.wicket.viewer.services.HintStoreUsingWicketSession: #introspectUpTo( TYPE_INTROSPECTED )
2019-10-01 14:52:57.139 START: workQueue.size: 1, waited for: 819ms, org.apache.isis.applib.services.dto.Dto_downloadXml: #introspectUpTo( TYPE_INTROSPECTED )
2019-10-01 14:52:57.143 END: completed in: 4ms, org.apache.isis.applib.services.dto.Dto_downloadXml: #introspectUpTo( TYPE_INTROSPECTED )
2019-10-01 14:52:57.143 START: workQueue.size: 1, waited for: 823ms, org.apache.isis.viewer.wicket.viewer.services.Object_clearHints: #introspectUpTo( TYPE_INTROSPECTED )
2019-10-01 14:52:57.144 END: completed in: 11ms, org.apache.isis.applib.services.bookmark.BookmarkHolder_object: #introspectUpTo( TYPE_INTROSPECTED )
2019-10-01 14:52:57.144 START: workQueue.size: 1, waited for: 824ms, org.apache.isis.core.metamodel.services.jdosupport.Persistable_downloadJdoMetadata: #introspectUpTo( TYPE_INTROSPECTED )
2019-10-01 14:52:57.146 END: completed in: 3ms, org.apache.isis.viewer.wicket.viewer.services.Object_clearHints: #introspectUpTo( TYPE_INTROSPECTED )
2019-10-01 14:52:57.146 START: workQueue.size: 1, waited for: 826ms, org.apache.isis.core.metamodel.services.jdosupport.Persistable_datanucleusVersionTimestamp: #introspectUpTo( TYPE_INTROSPECTED )
2019-10-01 14:52:57.149 END: completed in: 5ms, org.apache.isis.core.metamodel.services.jdosupport.Persistable_downloadJdoMetadata: #introspectUpTo( TYPE_INTROSPECTED )
2019-10-01 14:52:57.150 END: completed in: 4ms, org.apache.isis.core.metamodel.services.jdosupport.Persistable_datanucleusVersionTimestamp: #introspectUpTo( TYPE_INTROSPECTED )
2019-10-01 14:52:57.151 START: workQueue.size: 1, waited for: 831ms, org.apache.isis.applib.services.layout.Object_downloadLayoutXml: #introspectUpTo( TYPE_INTROSPECTED )
2019-10-01 14:52:57.151 START: workQueue.size: 1, waited for: 831ms, org.apache.isis.applib.services.layout.Object_rebuildMetamodel: #introspectUpTo( TYPE_INTROSPECTED )
2019-10-01 14:52:57.153 END: completed in: 2ms, org.apache.isis.applib.services.layout.Object_downloadLayoutXml: #introspectUpTo( TYPE_INTROSPECTED )
2019-10-01 14:52:57.153 START: workQueue.size: 1, waited for: 833ms, org.apache.isis.core.metamodel.services.jdosupport.Persistable_datanucleusIdLong: #introspectUpTo( TYPE_INTROSPECTED )
2019-10-01 14:52:57.160 END: completed in: 9ms, org.apache.isis.applib.services.layout.Object_rebuildMetamodel: #introspectUpTo( TYPE_INTROSPECTED )
2019-10-01 14:52:57.160 START: workQueue.size: 1, waited for: 840ms, org.apache.isis.core.metamodel.services.jdosupport.Persistable_datanucleusVersionLong: #introspectUpTo( TYPE_INTROSPECTED )
2019-10-01 14:52:57.164 END: completed in: 4ms, org.apache.isis.core.metamodel.services.jdosupport.Persistable_datanucleusVersionLong: #introspectUpTo( TYPE_INTROSPECTED )
2019-10-01 14:52:57.164 START: workQueue.size: 1, waited for: 844ms, org.apache.isis.applib.services.bookmark.BookmarkHolder_lookup: #introspectUpTo( TYPE_INTROSPECTED )
2019-10-01 14:52:57.164 END: completed in: 11ms, org.apache.isis.core.metamodel.services.jdosupport.Persistable_datanucleusIdLong: #introspectUpTo( TYPE_INTROSPECTED )
2019-10-01 14:52:57.164 START: workQueue.size: 1, waited for: 844ms, org.apache.isis.applib.services.dto.Dto_downloadXsd: #introspectUpTo( TYPE_INTROSPECTED )
2019-10-01 14:52:57.167 END: completed in: 3ms, org.apache.isis.applib.services.dto.Dto_downloadXsd: #introspectUpTo( TYPE_INTROSPECTED )
2019-10-01 14:52:57.167 START: workQueue.size: 1, waited for: 847ms, org.apache.isis.applib.services.layout.Object_openRestApi: #introspectUpTo( TYPE_INTROSPECTED )
2019-10-01 14:52:57.170 END: completed in: 6ms, org.apache.isis.applib.services.bookmark.BookmarkHolder_lookup: #introspectUpTo( TYPE_INTROSPECTED )
2019-10-01 14:52:57.171 START: workQueue.size: 1, waited for: 850ms, java.lang.String: #introspectUpTo( TYPE_INTROSPECTED )
2019-10-01 14:52:57.170 END: completed in: 3ms, org.apache.isis.applib.services.layout.Object_openRestApi: #introspectUpTo( TYPE_INTROSPECTED )
2019-10-01 14:52:57.191 START: workQueue.size: 1, waited for: 871ms, byte: #introspectUpTo( TYPE_INTROSPECTED )
2019-10-01 14:52:57.204 END: completed in: 13ms, byte: #introspectUpTo( TYPE_INTROSPECTED )
2019-10-01 14:52:57.204 START: workQueue.size: 1, waited for: 884ms, java.lang.Byte: #introspectUpTo( TYPE_INTROSPECTED )
2019-10-01 14:52:57.213 END: completed in: 9ms, java.lang.Byte: #introspectUpTo( TYPE_INTROSPECTED )
2019-10-01 14:52:57.213 START: workQueue.size: 1, waited for: 893ms, short: #introspectUpTo( TYPE_INTROSPECTED )
2019-10-01 14:52:57.214 END: completed in: 1ms, short: #introspectUpTo( TYPE_INTROSPECTED )
2019-10-01 14:52:57.214 START: workQueue.size: 1, waited for: 894ms, java.lang.Short: #introspectUpTo( TYPE_INTROSPECTED )
2019-10-01 14:52:57.228 END: completed in: 58ms, java.lang.String: #introspectUpTo( TYPE_INTROSPECTED )
2019-10-01 14:52:57.233 END: completed in: 19ms, java.lang.Short: #introspectUpTo( TYPE_INTROSPECTED )
2019-10-01 14:52:57.233 START: workQueue.size: 1, waited for: 913ms, int: #introspectUpTo( TYPE_INTROSPECTED )
2019-10-01 14:52:57.234 END: completed in: 1ms, int: #introspectUpTo( TYPE_INTROSPECTED )
2019-10-01 14:52:57.234 START: workQueue.size: 1, waited for: 914ms, java.lang.Integer: #introspectUpTo( TYPE_INTROSPECTED )
2019-10-01 14:52:57.243 START: workQueue.size: 1, waited for: 923ms, long: #introspectUpTo( TYPE_INTROSPECTED )
2019-10-01 14:52:57.249 END: completed in: 6ms, long: #introspectUpTo( TYPE_INTROSPECTED )
2019-10-01 14:52:57.249 START: workQueue.size: 1, waited for: 929ms, java.lang.Long: #introspectUpTo( TYPE_INTROSPECTED )
2019-10-01 14:52:57.253 END: completed in: 19ms, java.lang.Integer: #introspectUpTo( TYPE_INTROSPECTED )
2019-10-01 14:52:57.253 START: workQueue.size: 1, waited for: 933ms, char: #introspectUpTo( TYPE_INTROSPECTED )
2019-10-01 14:52:57.254 END: completed in: 1ms, char: #introspectUpTo( TYPE_INTROSPECTED )
2019-10-01 14:52:57.261 END: completed in: 12ms, java.lang.Long: #introspectUpTo( TYPE_INTROSPECTED )
2019-10-01 14:52:57.267 START: workQueue.size: 1, waited for: 947ms, java.lang.Character: #introspectUpTo( TYPE_INTROSPECTED )
2019-10-01 14:52:57.268 START: workQueue.size: 1, waited for: 947ms, boolean: #introspectUpTo( TYPE_INTROSPECTED )
2019-10-01 14:52:57.268 END: completed in: 1ms, boolean: #introspectUpTo( TYPE_INTROSPECTED )
2019-10-01 14:52:57.269 START: workQueue.size: 1, waited for: 949ms, java.lang.Boolean: #introspectUpTo( TYPE_INTROSPECTED )
2019-10-01 14:52:57.276 END: completed in: 7ms, java.lang.Boolean: #introspectUpTo( TYPE_INTROSPECTED )
2019-10-01 14:52:57.276 START: workQueue.size: 1, waited for: 956ms, float: #introspectUpTo( TYPE_INTROSPECTED )
2019-10-01 14:52:57.280 END: completed in: 4ms, float: #introspectUpTo( TYPE_INTROSPECTED )
2019-10-01 14:52:57.280 START: workQueue.size: 1, waited for: 960ms, java.lang.Float: #introspectUpTo( TYPE_INTROSPECTED )
2019-10-01 14:52:57.294 END: completed in: 10ms, java.lang.Float: #introspectUpTo( TYPE_INTROSPECTED )
2019-10-01 14:52:57.294 START: workQueue.size: 1, waited for: 974ms, double: #introspectUpTo( TYPE_INTROSPECTED )
2019-10-01 14:52:57.294 END: completed in: 27ms, java.lang.Character: #introspectUpTo( TYPE_INTROSPECTED )
2019-10-01 14:52:57.294 START: workQueue.size: 1, waited for: 974ms, java.lang.Double: #introspectUpTo( TYPE_INTROSPECTED )
2019-10-01 14:52:57.299 END: completed in: 4ms, java.lang.Double: #introspectUpTo( TYPE_INTROSPECTED )
2019-10-01 14:52:57.299 START: workQueue.size: 1, waited for: 979ms, java.math.BigInteger: #introspectUpTo( TYPE_INTROSPECTED )
2019-10-01 14:52:57.301 END: completed in: 7ms, double: #introspectUpTo( TYPE_INTROSPECTED )
2019-10-01 14:52:57.301 START: workQueue.size: 1, waited for: 981ms, java.math.BigDecimal: #introspectUpTo( TYPE_INTROSPECTED )
2019-10-01 14:52:57.310 END: completed in: 9ms, java.math.BigDecimal: #introspectUpTo( TYPE_INTROSPECTED )
2019-10-01 14:52:57.310 START: workQueue.size: 1, waited for: 990ms, org.joda.time.DateTime: #introspectUpTo( TYPE_INTROSPECTED )
2019-10-01 14:52:57.318 END: completed in: 19ms, java.math.BigInteger: #introspectUpTo( TYPE_INTROSPECTED )
2019-10-01 14:52:57.319 START: workQueue.size: 1, waited for: 998ms, org.joda.time.LocalDateTime: #introspectUpTo( TYPE_INTROSPECTED )
2019-10-01 14:52:57.405 END: completed in: 95ms, org.joda.time.DateTime: #introspectUpTo( TYPE_INTROSPECTED )
2019-10-01 14:52:57.406 START: workQueue.size: 1, waited for: 1085ms, org.joda.time.LocalDate: #introspectUpTo( TYPE_INTROSPECTED )
2019-10-01 14:52:57.410 END: completed in: 92ms, org.joda.time.LocalDateTime: #introspectUpTo( TYPE_INTROSPECTED )
2019-10-01 14:52:57.410 START: workQueue.size: 1, waited for: 1090ms, org.joda.time.LocalTime: #introspectUpTo( TYPE_INTROSPECTED )
2019-10-01 14:52:57.440 END: completed in: 35ms, org.joda.time.LocalDate: #introspectUpTo( TYPE_INTROSPECTED )
2019-10-01 14:52:57.440 START: workQueue.size: 1, waited for: 1120ms, java.sql.Timestamp: #introspectUpTo( TYPE_INTROSPECTED )
2019-10-01 14:52:57.444 END: completed in: 29ms, org.joda.time.LocalTime: #introspectUpTo( TYPE_INTROSPECTED )
2019-10-01 14:52:57.444 START: workQueue.size: 1, waited for: 1124ms, org.apache.isis.applib.value.Blob: #introspectUpTo( TYPE_INTROSPECTED )
2019-10-01 14:52:57.445 END: completed in: 1ms, org.apache.isis.applib.value.Blob: #introspectUpTo( TYPE_INTROSPECTED )
2019-10-01 14:52:57.445 START: workQueue.size: 1, waited for: 1125ms, org.apache.isis.applib.value.Clob: #introspectUpTo( TYPE_INTROSPECTED )
2019-10-01 14:52:57.447 END: completed in: 2ms, org.apache.isis.applib.value.Clob: #introspectUpTo( TYPE_INTROSPECTED )
2019-10-01 14:52:57.447 START: workQueue.size: 1, waited for: 1127ms, domainapp.dom.impl.RoleObject: #introspectUpTo( TYPE_INTROSPECTED )
2019-10-01 14:52:57.454 END: completed in: 14ms, java.sql.Timestamp: #introspectUpTo( TYPE_INTROSPECTED )
2019-10-01 14:52:57.455 START: workQueue.size: 1, waited for: 1134ms, domainapp.dom.impl.VehicleProductObject: #introspectUpTo( TYPE_INTROSPECTED )
2019-10-01 14:52:57.498 END: completed in: 51ms, domainapp.dom.impl.RoleObject: #introspectUpTo( TYPE_INTROSPECTED )
2019-10-01 14:52:57.500 END: completed in: 46ms, domainapp.dom.impl.VehicleProductObject: #introspectUpTo( TYPE_INTROSPECTED )
2019-10-01 14:52:57.501 START: workQueue.size: 1, waited for: 1181ms, domainapp.dom.impl.HelloWorldObject: #introspectUpTo( TYPE_INTROSPECTED )
2019-10-01 14:52:57.507 END: completed in: 6ms, domainapp.dom.impl.HelloWorldObject: #introspectUpTo( TYPE_INTROSPECTED )
2019-10-01 14:52:57.507 START: workQueue.size: 1, waited for: 1187ms, org.apache.isis.applib.services.config.ConfigurationProperty: #introspectUpTo( TYPE_INTROSPECTED )
2019-10-01 14:52:57.512 START: workQueue.size: 1, waited for: 1192ms, org.apache.isis.objectstore.jdo.applib.service.DomainChangeJdoAbstract: #introspectUpTo( TYPE_INTROSPECTED )
2019-10-01 14:52:57.517 END: completed in: 10ms, org.apache.isis.applib.services.config.ConfigurationProperty: #introspectUpTo( TYPE_INTROSPECTED )
2019-10-01 14:52:57.521 START: workQueue.size: 1, waited for: 1201ms, domainapp.dom.impl.UserObject: #introspectUpTo( TYPE_INTROSPECTED )
2019-10-01 14:52:57.528 END: completed in: 16ms, org.apache.isis.objectstore.jdo.applib.service.DomainChangeJdoAbstract: #introspectUpTo( TYPE_INTROSPECTED )
2019-10-01 14:52:57.532 START: workQueue.size: 1, waited for: 1212ms, domainapp.dom.impl.ProductObject: #introspectUpTo( TYPE_INTROSPECTED )
2019-10-01 14:52:57.537 END: completed in: 16ms, domainapp.dom.impl.UserObject: #introspectUpTo( TYPE_INTROSPECTED )
2019-10-01 14:52:57.537 START: workQueue.size: 1, waited for: 1217ms, org.apache.isis.applib.domain.DomainObjectList: #introspectUpTo( TYPE_INTROSPECTED )
2019-10-01 14:52:57.550 END: completed in: 18ms, domainapp.dom.impl.ProductObject: #introspectUpTo( TYPE_INTROSPECTED )
2019-10-01 14:52:57.550 START: workQueue.size: 1, waited for: 1230ms, domainapp.dom.impl.VehicleObject: #introspectUpTo( TYPE_INTROSPECTED )
2019-10-01 14:52:57.561 END: completed in: 24ms, org.apache.isis.applib.domain.DomainObjectList: #introspectUpTo( TYPE_INTROSPECTED )
2019-10-01 14:52:57.561 START: workQueue.size: 1, waited for: 1241ms, org.apache.isis.applib.fixturescripts.FixtureResult: #introspectUpTo( TYPE_INTROSPECTED )
2019-10-01 14:52:57.564 END: completed in: 3ms, org.apache.isis.applib.fixturescripts.FixtureResult: #introspectUpTo( TYPE_INTROSPECTED )
2019-10-01 14:52:57.564 START: workQueue.size: 1, waited for: 1244ms, org.apache.isis.applib.fixturescripts.SimpleFixtureScript: #introspectUpTo( TYPE_INTROSPECTED )
2019-10-01 14:52:57.571 END: completed in: 21ms, domainapp.dom.impl.VehicleObject: #introspectUpTo( TYPE_INTROSPECTED )
2019-10-01 14:52:57.571 START: workQueue.size: 1, waited for: 1251ms, org.apache.isis.applib.fixturescripts.SimpleFixtureScript: #introspectUpTo( TYPE_INTROSPECTED )
2019-10-01 14:52:57.571 END: completed in: 0ms, org.apache.isis.applib.fixturescripts.SimpleFixtureScript: #introspectUpTo( TYPE_INTROSPECTED )
2019-10-01 14:52:57.571 START: workQueue.size: 1, waited for: 1251ms, org.apache.isis.applib.fixturescripts.FixtureResult: #introspectUpTo( TYPE_INTROSPECTED )
2019-10-01 14:52:57.571 END: completed in: 0ms, org.apache.isis.applib.fixturescripts.FixtureResult: #introspectUpTo( TYPE_INTROSPECTED )
2019-10-01 14:52:57.572 START: workQueue.size: 1, waited for: 1252ms, org.apache.isis.applib.fixturescripts.FixtureScript: #introspectUpTo( TYPE_INTROSPECTED )
2019-10-01 14:52:57.590 END: completed in: 18ms, org.apache.isis.applib.fixturescripts.FixtureScript: #introspectUpTo( TYPE_INTROSPECTED )
2019-10-01 14:52:57.590 START: workQueue.size: 1, waited for: 1270ms, org.apache.isis.applib.fixturescripts.DiscoverableFixtureScript: #introspectUpTo( TYPE_INTROSPECTED )
2019-10-01 14:52:57.595 END: completed in: 31ms, org.apache.isis.applib.fixturescripts.SimpleFixtureScript: #introspectUpTo( TYPE_INTROSPECTED )
2019-10-01 14:52:57.600 END: completed in: 9ms, org.apache.isis.applib.fixturescripts.DiscoverableFixtureScript: #introspectUpTo( TYPE_INTROSPECTED )
2019-10-01 14:52:57.600 join'ing 152 tasks: waited 0 milliseconds 
2019-10-01 14:52:57.601 START: workQueue.size: 0, waited for: 0ms, org.apache.isis.core.runtime.system.session.IsisSessionFactory: #introspectUpTo( TYPE_AND_MEMBERS_INTROSPECTED )
2019-10-01 14:52:57.609 START: workQueue.size: 0, waited for: 8ms, org.apache.isis.core.runtime.system.persistence.PersistenceSessionFactory: #introspectUpTo( TYPE_AND_MEMBERS_INTROSPECTED )
2019-10-01 14:52:57.617 END: completed in: 8ms, org.apache.isis.core.runtime.system.persistence.PersistenceSessionFactory: #introspectUpTo( TYPE_AND_MEMBERS_INTROSPECTED )
2019-10-01 14:52:57.618 START: workQueue.size: 0, waited for: 17ms, org.apache.isis.core.metamodel.specloader.SpecificationLoader: #introspectUpTo( TYPE_AND_MEMBERS_INTROSPECTED )
2019-10-01 14:52:57.617 END: completed in: 16ms, org.apache.isis.core.runtime.system.session.IsisSessionFactory: #introspectUpTo( TYPE_AND_MEMBERS_INTROSPECTED )
2019-10-01 14:52:57.618 START: workQueue.size: 0, waited for: 17ms, org.apache.isis.core.runtime.authorization.standard.AuthorizationManagerStandard: #introspectUpTo( TYPE_AND_MEMBERS_INTROSPECTED )
2019-10-01 14:52:57.618 END: completed in: 0ms, org.apache.isis.core.metamodel.specloader.SpecificationLoader: #introspectUpTo( TYPE_AND_MEMBERS_INTROSPECTED )
2019-10-01 14:52:57.618 START: workQueue.size: 0, waited for: 17ms, org.apache.isis.core.runtime.authentication.standard.AuthenticationManagerStandard: #introspectUpTo( TYPE_AND_MEMBERS_INTROSPECTED )
2019-10-01 14:52:57.618 END: completed in: 0ms, org.apache.isis.core.runtime.authentication.standard.AuthenticationManagerStandard: #introspectUpTo( TYPE_AND_MEMBERS_INTROSPECTED )
2019-10-01 14:52:57.618 START: workQueue.size: 0, waited for: 17ms, org.apache.isis.core.commons.config.IsisConfigurationDefault: #introspectUpTo( TYPE_AND_MEMBERS_INTROSPECTED )
2019-10-01 14:52:57.618 END: completed in: 0ms, org.apache.isis.core.runtime.authorization.standard.AuthorizationManagerStandard: #introspectUpTo( TYPE_AND_MEMBERS_INTROSPECTED )
2019-10-01 14:52:57.618 START: workQueue.size: 0, waited for: 17ms, org.apache.isis.core.runtime.services.deplcat.DeploymentCategoryProviderDefault: #introspectUpTo( TYPE_AND_MEMBERS_INTROSPECTED )
2019-10-01 14:52:57.618 END: completed in: 0ms, org.apache.isis.core.commons.config.IsisConfigurationDefault: #introspectUpTo( TYPE_AND_MEMBERS_INTROSPECTED )
2019-10-01 14:52:57.618 START: workQueue.size: 0, waited for: 17ms, org.apache.isis.objectstore.jdo.datanucleus.service.eventbus.EventBusServiceJdo: #introspectUpTo( TYPE_AND_MEMBERS_INTROSPECTED )
2019-10-01 14:52:57.619 END: completed in: 1ms, org.apache.isis.core.runtime.services.deplcat.DeploymentCategoryProviderDefault: #introspectUpTo( TYPE_AND_MEMBERS_INTROSPECTED )
2019-10-01 14:52:57.619 START: workQueue.size: 0, waited for: 18ms, org.apache.isis.applib.services.queryresultscache.QueryResultsCache$Control: #introspectUpTo( TYPE_AND_MEMBERS_INTROSPECTED )
2019-10-01 14:52:57.619 END: completed in: 1ms, org.apache.isis.objectstore.jdo.datanucleus.service.eventbus.EventBusServiceJdo: #introspectUpTo( TYPE_AND_MEMBERS_INTROSPECTED )
2019-10-01 14:52:57.619 START: workQueue.size: 0, waited for: 18ms, org.apache.isis.applib.services.fixturespec.FixtureScriptsDefault: #introspectUpTo( TYPE_AND_MEMBERS_INTROSPECTED )
2019-10-01 14:52:57.619 END: completed in: 0ms, org.apache.isis.applib.services.queryresultscache.QueryResultsCache$Control: #introspectUpTo( TYPE_AND_MEMBERS_INTROSPECTED )
2019-10-01 14:52:57.619 START: workQueue.size: 0, waited for: 18ms, org.apache.isis.applib.services.layout.LayoutServiceMenu: #introspectUpTo( TYPE_AND_MEMBERS_INTROSPECTED )
2019-10-01 14:52:58.162 END: completed in: 543ms, org.apache.isis.applib.services.fixturespec.FixtureScriptsDefault: #introspectUpTo( TYPE_AND_MEMBERS_INTROSPECTED )
2019-10-01 14:52:58.162 START: workQueue.size: 0, waited for: 561ms, org.apache.isis.applib.services.metamodel.MetaModelServicesMenu: #introspectUpTo( TYPE_AND_MEMBERS_INTROSPECTED )
2019-10-01 14:52:58.166 END: completed in: 547ms, org.apache.isis.applib.services.layout.LayoutServiceMenu: #introspectUpTo( TYPE_AND_MEMBERS_INTROSPECTED )
2019-10-01 14:52:58.166 START: workQueue.size: 0, waited for: 565ms, org.apache.isis.applib.services.swagger.SwaggerServiceMenu: #introspectUpTo( TYPE_AND_MEMBERS_INTROSPECTED )
2019-10-01 14:52:58.175 END: completed in: 13ms, org.apache.isis.applib.services.metamodel.MetaModelServicesMenu: #introspectUpTo( TYPE_AND_MEMBERS_INTROSPECTED )
2019-10-01 14:52:58.175 START: workQueue.size: 0, waited for: 574ms, org.apache.isis.core.runtime.services.i18n.po.TranslationServicePoMenu: #introspectUpTo( TYPE_AND_MEMBERS_INTROSPECTED )
2019-10-01 14:52:58.198 END: completed in: 23ms, org.apache.isis.core.runtime.services.i18n.po.TranslationServicePoMenu: #introspectUpTo( TYPE_AND_MEMBERS_INTROSPECTED )
2019-10-01 14:52:58.199 START: workQueue.size: 0, waited for: 598ms, org.apache.isis.applib.services.hsqldb.HsqlDbManagerMenu: #introspectUpTo( TYPE_AND_MEMBERS_INTROSPECTED )
2019-10-01 14:52:58.200 END: completed in: 1ms, org.apache.isis.applib.services.hsqldb.HsqlDbManagerMenu: #introspectUpTo( TYPE_AND_MEMBERS_INTROSPECTED )
2019-10-01 14:52:58.200 START: workQueue.size: 0, waited for: 599ms, org.apache.isis.applib.services.config.ConfigurationServiceMenu: #introspectUpTo( TYPE_AND_MEMBERS_INTROSPECTED )
2019-10-01 14:52:58.204 END: completed in: 4ms, org.apache.isis.applib.services.config.ConfigurationServiceMenu: #introspectUpTo( TYPE_AND_MEMBERS_INTROSPECTED )
2019-10-01 14:52:58.207 START: workQueue.size: 0, waited for: 606ms, org.apache.isis.applib.conmap.ContentMappingServiceForCommandDto$CopyOverFromCommand: #introspectUpTo( TYPE_AND_MEMBERS_INTROSPECTED )
2019-10-01 14:52:58.207 END: completed in: 0ms, org.apache.isis.applib.conmap.ContentMappingServiceForCommandDto$CopyOverFromCommand: #introspectUpTo( TYPE_AND_MEMBERS_INTROSPECTED )
2019-10-01 14:52:58.207 START: workQueue.size: 0, waited for: 606ms, domainapp.dom.impl.HelloWorldObjects: #introspectUpTo( TYPE_AND_MEMBERS_INTROSPECTED )
2019-10-01 14:52:58.210 END: completed in: 44ms, org.apache.isis.applib.services.swagger.SwaggerServiceMenu: #introspectUpTo( TYPE_AND_MEMBERS_INTROSPECTED )
2019-10-01 14:52:58.215 START: workQueue.size: 0, waited for: 614ms, domainapp.dom.impl.ProductObjects: #introspectUpTo( TYPE_AND_MEMBERS_INTROSPECTED )
2019-10-01 14:52:58.213 END: completed in: 6ms, domainapp.dom.impl.HelloWorldObjects: #introspectUpTo( TYPE_AND_MEMBERS_INTROSPECTED )
2019-10-01 14:52:58.218 START: workQueue.size: 0, waited for: 617ms, domainapp.dom.impl.RoleObjects: #introspectUpTo( TYPE_AND_MEMBERS_INTROSPECTED )
2019-10-01 14:52:58.223 END: completed in: 8ms, domainapp.dom.impl.ProductObjects: #introspectUpTo( TYPE_AND_MEMBERS_INTROSPECTED )
2019-10-01 14:52:58.232 START: workQueue.size: 0, waited for: 631ms, domainapp.dom.impl.UserObjects: #introspectUpTo( TYPE_AND_MEMBERS_INTROSPECTED )
2019-10-01 14:52:58.231 END: completed in: 13ms, domainapp.dom.impl.RoleObjects: #introspectUpTo( TYPE_AND_MEMBERS_INTROSPECTED )
2019-10-01 14:52:58.235 START: workQueue.size: 0, waited for: 634ms, domainapp.dom.impl.VehicleObjects: #introspectUpTo( TYPE_AND_MEMBERS_INTROSPECTED )
2019-10-01 14:52:58.254 END: completed in: 22ms, domainapp.dom.impl.UserObjects: #introspectUpTo( TYPE_AND_MEMBERS_INTROSPECTED )
2019-10-01 14:52:58.274 END: completed in: 39ms, domainapp.dom.impl.VehicleObjects: #introspectUpTo( TYPE_AND_MEMBERS_INTROSPECTED )
2019-10-01 14:52:58.275 START: workQueue.size: 0, waited for: 674ms, org.apache.isis.applib.services.dto.DtoMappingHelper: #introspectUpTo( TYPE_AND_MEMBERS_INTROSPECTED )
2019-10-01 14:52:58.274 START: workQueue.size: 0, waited for: 673ms, domainapp.dom.impl.VehicleProductObjects: #introspectUpTo( TYPE_AND_MEMBERS_INTROSPECTED )
2019-10-01 14:52:58.276 END: completed in: 1ms, org.apache.isis.applib.services.dto.DtoMappingHelper: #introspectUpTo( TYPE_AND_MEMBERS_INTROSPECTED )
2019-10-01 14:52:58.277 START: workQueue.size: 0, waited for: 676ms, org.apache.isis.core.runtime.services.background.CommandExecutorServiceDefault: #introspectUpTo( TYPE_AND_MEMBERS_INTROSPECTED )
2019-10-01 14:52:58.277 END: completed in: 0ms, org.apache.isis.core.runtime.services.background.CommandExecutorServiceDefault: #introspectUpTo( TYPE_AND_MEMBERS_INTROSPECTED )
2019-10-01 14:52:58.277 START: workQueue.size: 0, waited for: 676ms, org.apache.isis.core.runtime.services.menubars.MenuBarsLoaderServiceDefault: #introspectUpTo( TYPE_AND_MEMBERS_INTROSPECTED )
2019-10-01 14:52:58.277 END: completed in: 0ms, org.apache.isis.core.runtime.services.menubars.MenuBarsLoaderServiceDefault: #introspectUpTo( TYPE_AND_MEMBERS_INTROSPECTED )
2019-10-01 14:52:58.277 START: workQueue.size: 0, waited for: 676ms, org.apache.isis.core.runtime.services.menubars.bootstrap3.MenuBarsServiceBS3: #introspectUpTo( TYPE_AND_MEMBERS_INTROSPECTED )
2019-10-01 14:52:58.277 END: completed in: 0ms, org.apache.isis.core.runtime.services.menubars.bootstrap3.MenuBarsServiceBS3: #introspectUpTo( TYPE_AND_MEMBERS_INTROSPECTED )
2019-10-01 14:52:58.277 START: workQueue.size: 0, waited for: 676ms, org.apache.isis.core.runtime.services.userprof.UserProfileServiceDefault: #introspectUpTo( TYPE_AND_MEMBERS_INTROSPECTED )
2019-10-01 14:52:58.278 END: completed in: 1ms, org.apache.isis.core.runtime.services.userprof.UserProfileServiceDefault: #introspectUpTo( TYPE_AND_MEMBERS_INTROSPECTED )
2019-10-01 14:52:58.278 START: workQueue.size: 0, waited for: 677ms, org.apache.isis.viewer.restfulobjects.rendering.service.conneg.ContentNegotiationServiceXRoDomainType: #introspectUpTo( TYPE_AND_MEMBERS_INTROSPECTED )
2019-10-01 14:52:58.278 END: completed in: 0ms, org.apache.isis.viewer.restfulobjects.rendering.service.conneg.ContentNegotiationServiceXRoDomainType: #introspectUpTo( TYPE_AND_MEMBERS_INTROSPECTED )
2019-10-01 14:52:58.278 START: workQueue.size: 0, waited for: 677ms, org.apache.isis.viewer.restfulobjects.rendering.service.conneg.ContentNegotiationServiceOrgApacheIsisV1: #introspectUpTo( TYPE_AND_MEMBERS_INTROSPECTED )
2019-10-01 14:52:58.278 END: completed in: 0ms, org.apache.isis.viewer.restfulobjects.rendering.service.conneg.ContentNegotiationServiceOrgApacheIsisV1: #introspectUpTo( TYPE_AND_MEMBERS_INTROSPECTED )
2019-10-01 14:52:58.278 START: workQueue.size: 0, waited for: 677ms, org.apache.isis.core.runtime.services.message.MessageServiceDefault: #introspectUpTo( TYPE_AND_MEMBERS_INTROSPECTED )
2019-10-01 14:52:58.278 END: completed in: 0ms, org.apache.isis.core.runtime.services.message.MessageServiceDefault: #introspectUpTo( TYPE_AND_MEMBERS_INTROSPECTED )
2019-10-01 14:52:58.278 START: workQueue.size: 0, waited for: 677ms, org.apache.isis.core.runtime.services.persistsession.PersistenceSessionServiceInternalDefault: #introspectUpTo( TYPE_AND_MEMBERS_INTROSPECTED )
2019-10-01 14:52:58.279 END: completed in: 1ms, org.apache.isis.core.runtime.services.persistsession.PersistenceSessionServiceInternalDefault: #introspectUpTo( TYPE_AND_MEMBERS_INTROSPECTED )
2019-10-01 14:52:58.279 START: workQueue.size: 0, waited for: 678ms, org.apache.isis.applib.annotation.Bulk$InteractionContext: #introspectUpTo( TYPE_AND_MEMBERS_INTROSPECTED )
2019-10-01 14:52:58.279 END: completed in: 0ms, org.apache.isis.applib.annotation.Bulk$InteractionContext: #introspectUpTo( TYPE_AND_MEMBERS_INTROSPECTED )
2019-10-01 14:52:58.279 START: workQueue.size: 0, waited for: 678ms, org.apache.isis.applib.conmap.ContentMappingServiceForCommandDto: #introspectUpTo( TYPE_AND_MEMBERS_INTROSPECTED )
2019-10-01 14:52:58.279 END: completed in: 0ms, org.apache.isis.applib.conmap.ContentMappingServiceForCommandDto: #introspectUpTo( TYPE_AND_MEMBERS_INTROSPECTED )
2019-10-01 14:52:58.280 START: workQueue.size: 0, waited for: 679ms, org.apache.isis.applib.conmap.ContentMappingServiceForCommandsDto: #introspectUpTo( TYPE_AND_MEMBERS_INTROSPECTED )
2019-10-01 14:52:58.280 END: completed in: 0ms, org.apache.isis.applib.conmap.ContentMappingServiceForCommandsDto: #introspectUpTo( TYPE_AND_MEMBERS_INTROSPECTED )
2019-10-01 14:52:58.280 START: workQueue.size: 0, waited for: 679ms, org.apache.isis.applib.fixturescripts.ExecutionParametersService: #introspectUpTo( TYPE_AND_MEMBERS_INTROSPECTED )
2019-10-01 14:52:58.281 END: completed in: 1ms, org.apache.isis.applib.fixturescripts.ExecutionParametersService: #introspectUpTo( TYPE_AND_MEMBERS_INTROSPECTED )
2019-10-01 14:52:58.281 START: workQueue.size: 0, waited for: 680ms, org.apache.isis.applib.services.actinvoc.ActionInvocationContext: #introspectUpTo( TYPE_AND_MEMBERS_INTROSPECTED )
2019-10-01 14:52:58.287 END: completed in: 6ms, org.apache.isis.applib.services.actinvoc.ActionInvocationContext: #introspectUpTo( TYPE_AND_MEMBERS_INTROSPECTED )
2019-10-01 14:52:58.287 START: workQueue.size: 0, waited for: 686ms, org.apache.isis.applib.services.audit.AuditerServiceLogging: #introspectUpTo( TYPE_AND_MEMBERS_INTROSPECTED )
2019-10-01 14:52:58.288 END: completed in: 1ms, org.apache.isis.applib.services.audit.AuditerServiceLogging: #introspectUpTo( TYPE_AND_MEMBERS_INTROSPECTED )
2019-10-01 14:52:58.288 START: workQueue.size: 0, waited for: 687ms, org.apache.isis.applib.services.classdiscovery.ClassDiscoveryServiceUsingReflections: #introspectUpTo( TYPE_AND_MEMBERS_INTROSPECTED )
2019-10-01 14:52:58.288 END: completed in: 0ms, org.apache.isis.applib.services.classdiscovery.ClassDiscoveryServiceUsingReflections: #introspectUpTo( TYPE_AND_MEMBERS_INTROSPECTED )
2019-10-01 14:52:58.288 START: workQueue.size: 0, waited for: 687ms, org.apache.isis.applib.services.clock.ClockService: #introspectUpTo( TYPE_AND_MEMBERS_INTROSPECTED )
2019-10-01 14:52:58.288 END: completed in: 0ms, org.apache.isis.applib.services.clock.ClockService: #introspectUpTo( TYPE_AND_MEMBERS_INTROSPECTED )
2019-10-01 14:52:58.288 START: workQueue.size: 0, waited for: 687ms, org.apache.isis.applib.services.command.CommandContext: #introspectUpTo( TYPE_AND_MEMBERS_INTROSPECTED )
2019-10-01 14:52:58.288 END: completed in: 0ms, org.apache.isis.applib.services.command.CommandContext: #introspectUpTo( TYPE_AND_MEMBERS_INTROSPECTED )
2019-10-01 14:52:58.289 START: workQueue.size: 0, waited for: 687ms, org.apache.isis.applib.services.iactn.InteractionContext: #introspectUpTo( TYPE_AND_MEMBERS_INTROSPECTED )
2019-10-01 14:52:58.289 END: completed in: 1ms, org.apache.isis.applib.services.iactn.InteractionContext: #introspectUpTo( TYPE_AND_MEMBERS_INTROSPECTED )
2019-10-01 14:52:58.289 START: workQueue.size: 0, waited for: 688ms, org.apache.isis.applib.services.publish.PublisherServiceLogging: #introspectUpTo( TYPE_AND_MEMBERS_INTROSPECTED )
2019-10-01 14:52:58.289 END: completed in: 0ms, org.apache.isis.applib.services.publish.PublisherServiceLogging: #introspectUpTo( TYPE_AND_MEMBERS_INTROSPECTED )
2019-10-01 14:52:58.289 START: workQueue.size: 0, waited for: 688ms, org.apache.isis.applib.services.queryresultscache.QueryResultsCache: #introspectUpTo( TYPE_AND_MEMBERS_INTROSPECTED )
2019-10-01 14:52:58.290 END: completed in: 1ms, org.apache.isis.applib.services.queryresultscache.QueryResultsCache: #introspectUpTo( TYPE_AND_MEMBERS_INTROSPECTED )
2019-10-01 14:52:58.290 START: workQueue.size: 0, waited for: 689ms, org.apache.isis.applib.services.routing.RoutingServiceDefault: #introspectUpTo( TYPE_AND_MEMBERS_INTROSPECTED )
2019-10-01 14:52:58.290 END: completed in: 0ms, org.apache.isis.applib.services.routing.RoutingServiceDefault: #introspectUpTo( TYPE_AND_MEMBERS_INTROSPECTED )
2019-10-01 14:52:58.290 START: workQueue.size: 0, waited for: 689ms, org.apache.isis.applib.services.scratchpad.Scratchpad: #introspectUpTo( TYPE_AND_MEMBERS_INTROSPECTED )
2019-10-01 14:52:58.290 END: completed in: 0ms, org.apache.isis.applib.services.scratchpad.Scratchpad: #introspectUpTo( TYPE_AND_MEMBERS_INTROSPECTED )
2019-10-01 14:52:58.291 START: workQueue.size: 0, waited for: 690ms, org.apache.isis.applib.services.tablecol.TableColumnOrderService$Default: #introspectUpTo( TYPE_AND_MEMBERS_INTROSPECTED )
2019-10-01 14:52:58.291 END: completed in: 0ms, org.apache.isis.applib.services.tablecol.TableColumnOrderService$Default: #introspectUpTo( TYPE_AND_MEMBERS_INTROSPECTED )
2019-10-01 14:52:58.291 START: workQueue.size: 0, waited for: 690ms, org.apache.isis.applib.services.urlencoding.UrlEncodingServiceUsingBaseEncoding: #introspectUpTo( TYPE_AND_MEMBERS_INTROSPECTED )
2019-10-01 14:52:58.291 END: completed in: 0ms, org.apache.isis.applib.services.urlencoding.UrlEncodingServiceUsingBaseEncoding: #introspectUpTo( TYPE_AND_MEMBERS_INTROSPECTED )
2019-10-01 14:52:58.291 START: workQueue.size: 0, waited for: 690ms, org.apache.isis.core.metamodel.services.appfeat.ApplicationFeatureFactory: #introspectUpTo( TYPE_AND_MEMBERS_INTROSPECTED )
2019-10-01 14:52:58.291 END: completed in: 0ms, org.apache.isis.core.metamodel.services.appfeat.ApplicationFeatureFactory: #introspectUpTo( TYPE_AND_MEMBERS_INTROSPECTED )
2019-10-01 14:52:58.292 START: workQueue.size: 0, waited for: 690ms, org.apache.isis.core.metamodel.services.appfeat.ApplicationFeatureRepositoryDefault: #introspectUpTo( TYPE_AND_MEMBERS_INTROSPECTED )
2019-10-01 14:52:58.292 END: completed in: 1ms, org.apache.isis.core.metamodel.services.appfeat.ApplicationFeatureRepositoryDefault: #introspectUpTo( TYPE_AND_MEMBERS_INTROSPECTED )
2019-10-01 14:52:58.292 START: workQueue.size: 0, waited for: 691ms, org.apache.isis.core.metamodel.services.bookmarks.BookmarkServiceInternalDefault: #introspectUpTo( TYPE_AND_MEMBERS_INTROSPECTED )
2019-10-01 14:52:58.292 END: completed in: 0ms, org.apache.isis.core.metamodel.services.bookmarks.BookmarkServiceInternalDefault: #introspectUpTo( TYPE_AND_MEMBERS_INTROSPECTED )
2019-10-01 14:52:58.292 START: workQueue.size: 0, waited for: 691ms, org.apache.isis.core.metamodel.services.config.ConfigurationServiceDefault: #introspectUpTo( TYPE_AND_MEMBERS_INTROSPECTED )
2019-10-01 14:52:58.292 END: completed in: 0ms, org.apache.isis.core.metamodel.services.config.ConfigurationServiceDefault: #introspectUpTo( TYPE_AND_MEMBERS_INTROSPECTED )
2019-10-01 14:52:58.292 START: workQueue.size: 0, waited for: 691ms, org.apache.isis.core.metamodel.services.container.DomainObjectContainerDefault: #introspectUpTo( TYPE_AND_MEMBERS_INTROSPECTED )
2019-10-01 14:52:58.293 END: completed in: 1ms, org.apache.isis.core.metamodel.services.container.DomainObjectContainerDefault: #introspectUpTo( TYPE_AND_MEMBERS_INTROSPECTED )
2019-10-01 14:52:58.293 START: workQueue.size: 0, waited for: 692ms, org.apache.isis.core.metamodel.services.factory.FactoryServiceInternalDefault: #introspectUpTo( TYPE_AND_MEMBERS_INTROSPECTED )
2019-10-01 14:52:58.293 END: completed in: 0ms, org.apache.isis.core.metamodel.services.factory.FactoryServiceInternalDefault: #introspectUpTo( TYPE_AND_MEMBERS_INTROSPECTED )
2019-10-01 14:52:58.293 START: workQueue.size: 0, waited for: 692ms, org.apache.isis.core.metamodel.services.grid.GridLoaderServiceDefault: #introspectUpTo( TYPE_AND_MEMBERS_INTROSPECTED )
2019-10-01 14:52:58.293 END: completed in: 0ms, org.apache.isis.core.metamodel.services.grid.GridLoaderServiceDefault: #introspectUpTo( TYPE_AND_MEMBERS_INTROSPECTED )
2019-10-01 14:52:58.292 END: completed in: 18ms, domainapp.dom.impl.VehicleProductObjects: #introspectUpTo( TYPE_AND_MEMBERS_INTROSPECTED )
2019-10-01 14:52:58.293 START: workQueue.size: 0, waited for: 692ms, org.apache.isis.core.metamodel.services.grid.GridServiceDefault: #introspectUpTo( TYPE_AND_MEMBERS_INTROSPECTED )
2019-10-01 14:52:58.293 END: completed in: 0ms, org.apache.isis.core.metamodel.services.grid.GridServiceDefault: #introspectUpTo( TYPE_AND_MEMBERS_INTROSPECTED )
2019-10-01 14:52:58.293 START: workQueue.size: 0, waited for: 692ms, org.apache.isis.core.metamodel.services.grid.bootstrap3.GridSystemServiceBS3: #introspectUpTo( TYPE_AND_MEMBERS_INTROSPECTED )
2019-10-01 14:52:58.294 START: workQueue.size: 0, waited for: 693ms, org.apache.isis.core.metamodel.services.layout.LayoutServiceDefault: #introspectUpTo( TYPE_AND_MEMBERS_INTROSPECTED )
2019-10-01 14:52:58.294 END: completed in: 1ms, org.apache.isis.core.metamodel.services.grid.bootstrap3.GridSystemServiceBS3: #introspectUpTo( TYPE_AND_MEMBERS_INTROSPECTED )
2019-10-01 14:52:58.294 END: completed in: 0ms, org.apache.isis.core.metamodel.services.layout.LayoutServiceDefault: #introspectUpTo( TYPE_AND_MEMBERS_INTROSPECTED )
2019-10-01 14:52:58.294 START: workQueue.size: 0, waited for: 693ms, org.apache.isis.core.metamodel.services.message.MessageServiceNoop: #introspectUpTo( TYPE_AND_MEMBERS_INTROSPECTED )
2019-10-01 14:52:58.294 START: workQueue.size: 0, waited for: 693ms, org.apache.isis.core.metamodel.services.metamodel.MetaModelServiceDefault: #introspectUpTo( TYPE_AND_MEMBERS_INTROSPECTED )
2019-10-01 14:52:58.294 END: completed in: 0ms, org.apache.isis.core.metamodel.services.message.MessageServiceNoop: #introspectUpTo( TYPE_AND_MEMBERS_INTROSPECTED )
2019-10-01 14:52:58.294 END: completed in: 0ms, org.apache.isis.core.metamodel.services.metamodel.MetaModelServiceDefault: #introspectUpTo( TYPE_AND_MEMBERS_INTROSPECTED )
2019-10-01 14:52:58.294 START: workQueue.size: 0, waited for: 693ms, org.apache.isis.core.metamodel.services.persistsession.PersistenceSessionServiceInternalNoop: #introspectUpTo( TYPE_AND_MEMBERS_INTROSPECTED )
2019-10-01 14:52:58.294 END: completed in: 0ms, org.apache.isis.core.metamodel.services.persistsession.PersistenceSessionServiceInternalNoop: #introspectUpTo( TYPE_AND_MEMBERS_INTROSPECTED )
2019-10-01 14:52:58.294 START: workQueue.size: 0, waited for: 693ms, org.apache.isis.core.metamodel.services.registry.ServiceRegistryDefault: #introspectUpTo( TYPE_AND_MEMBERS_INTROSPECTED )
2019-10-01 14:52:58.294 START: workQueue.size: 0, waited for: 693ms, org.apache.isis.core.metamodel.services.repository.RepositoryServiceInternalDefault: #introspectUpTo( TYPE_AND_MEMBERS_INTROSPECTED )
2019-10-01 14:52:58.295 END: completed in: 1ms, org.apache.isis.core.metamodel.services.repository.RepositoryServiceInternalDefault: #introspectUpTo( TYPE_AND_MEMBERS_INTROSPECTED )
2019-10-01 14:52:58.295 START: workQueue.size: 0, waited for: 694ms, org.apache.isis.core.metamodel.services.swagger.SwaggerServiceDefault: #introspectUpTo( TYPE_AND_MEMBERS_INTROSPECTED )
2019-10-01 14:52:58.295 END: completed in: 0ms, org.apache.isis.core.metamodel.services.swagger.SwaggerServiceDefault: #introspectUpTo( TYPE_AND_MEMBERS_INTROSPECTED )
2019-10-01 14:52:58.295 START: workQueue.size: 0, waited for: 694ms, org.apache.isis.core.metamodel.services.title.TitleServiceDefault: #introspectUpTo( TYPE_AND_MEMBERS_INTROSPECTED )
2019-10-01 14:52:58.295 END: completed in: 0ms, org.apache.isis.core.metamodel.services.title.TitleServiceDefault: #introspectUpTo( TYPE_AND_MEMBERS_INTROSPECTED )
2019-10-01 14:52:58.297 END: completed in: 3ms, org.apache.isis.core.metamodel.services.registry.ServiceRegistryDefault: #introspectUpTo( TYPE_AND_MEMBERS_INTROSPECTED )
2019-10-01 14:52:58.307 START: workQueue.size: 0, waited for: 706ms, org.apache.isis.core.metamodel.services.user.UserServiceDefault$SudoServiceSpi: #introspectUpTo( TYPE_AND_MEMBERS_INTROSPECTED )
2019-10-01 14:52:58.307 START: workQueue.size: 0, waited for: 706ms, org.apache.isis.core.metamodel.services.user.UserServiceDefault: #introspectUpTo( TYPE_AND_MEMBERS_INTROSPECTED )
2019-10-01 14:52:58.307 END: completed in: 0ms, org.apache.isis.core.metamodel.services.user.UserServiceDefault$SudoServiceSpi: #introspectUpTo( TYPE_AND_MEMBERS_INTROSPECTED )
2019-10-01 14:52:58.307 START: workQueue.size: 0, waited for: 706ms, org.apache.isis.core.metamodel.services.xactn.TransactionServiceDefault: #introspectUpTo( TYPE_AND_MEMBERS_INTROSPECTED )
2019-10-01 14:52:58.307 END: completed in: 0ms, org.apache.isis.core.metamodel.services.xactn.TransactionServiceDefault: #introspectUpTo( TYPE_AND_MEMBERS_INTROSPECTED )
2019-10-01 14:52:58.307 END: completed in: 0ms, org.apache.isis.core.metamodel.services.user.UserServiceDefault: #introspectUpTo( TYPE_AND_MEMBERS_INTROSPECTED )
2019-10-01 14:52:58.307 START: workQueue.size: 0, waited for: 706ms, org.apache.isis.core.runtime.services.authsess.AuthenticationSessionProviderDefault: #introspectUpTo( TYPE_AND_MEMBERS_INTROSPECTED )
2019-10-01 14:52:58.308 END: completed in: 1ms, org.apache.isis.core.runtime.services.authsess.AuthenticationSessionProviderDefault: #introspectUpTo( TYPE_AND_MEMBERS_INTROSPECTED )
2019-10-01 14:52:58.308 START: workQueue.size: 0, waited for: 707ms, org.apache.isis.core.runtime.services.background.BackgroundServiceDefault: #introspectUpTo( TYPE_AND_MEMBERS_INTROSPECTED )
2019-10-01 14:52:58.308 END: completed in: 0ms, org.apache.isis.core.runtime.services.background.BackgroundServiceDefault: #introspectUpTo( TYPE_AND_MEMBERS_INTROSPECTED )
2019-10-01 14:52:58.308 START: workQueue.size: 0, waited for: 707ms, org.apache.isis.core.runtime.services.changes.ChangedObjectsServiceInternal: #introspectUpTo( TYPE_AND_MEMBERS_INTROSPECTED )
2019-10-01 14:52:58.308 END: completed in: 0ms, org.apache.isis.core.runtime.services.changes.ChangedObjectsServiceInternal: #introspectUpTo( TYPE_AND_MEMBERS_INTROSPECTED )
2019-10-01 14:52:58.308 START: workQueue.size: 0, waited for: 707ms, org.apache.isis.core.runtime.services.command.CommandDtoServiceInternalDefault: #introspectUpTo( TYPE_AND_MEMBERS_INTROSPECTED )
2019-10-01 14:52:58.308 END: completed in: 0ms, org.apache.isis.core.runtime.services.command.CommandDtoServiceInternalDefault: #introspectUpTo( TYPE_AND_MEMBERS_INTROSPECTED )
2019-10-01 14:52:58.308 START: workQueue.size: 0, waited for: 707ms, org.apache.isis.core.runtime.services.command.CommandServiceDefault: #introspectUpTo( TYPE_AND_MEMBERS_INTROSPECTED )
2019-10-01 14:52:58.308 END: completed in: 0ms, org.apache.isis.core.runtime.services.command.CommandServiceDefault: #introspectUpTo( TYPE_AND_MEMBERS_INTROSPECTED )
2019-10-01 14:52:58.308 START: workQueue.size: 0, waited for: 707ms, org.apache.isis.core.runtime.services.email.EmailServiceDefault: #introspectUpTo( TYPE_AND_MEMBERS_INTROSPECTED )
2019-10-01 14:52:58.308 END: completed in: 0ms, org.apache.isis.core.runtime.services.email.EmailServiceDefault: #introspectUpTo( TYPE_AND_MEMBERS_INTROSPECTED )
2019-10-01 14:52:58.308 START: workQueue.size: 0, waited for: 707ms, org.apache.isis.core.runtime.services.homepage.HomePageProviderServiceDefault: #introspectUpTo( TYPE_AND_MEMBERS_INTROSPECTED )
2019-10-01 14:52:58.309 END: completed in: 1ms, org.apache.isis.core.runtime.services.homepage.HomePageProviderServiceDefault: #introspectUpTo( TYPE_AND_MEMBERS_INTROSPECTED )
2019-10-01 14:52:58.309 START: workQueue.size: 0, waited for: 708ms, org.apache.isis.core.runtime.services.i18n.po.TranslationServicePo: #introspectUpTo( TYPE_AND_MEMBERS_INTROSPECTED )
2019-10-01 14:52:58.309 END: completed in: 0ms, org.apache.isis.core.runtime.services.i18n.po.TranslationServicePo: #introspectUpTo( TYPE_AND_MEMBERS_INTROSPECTED )
2019-10-01 14:52:58.309 START: workQueue.size: 0, waited for: 708ms, org.apache.isis.core.runtime.services.ixn.InteractionDtoServiceInternalDefault: #introspectUpTo( TYPE_AND_MEMBERS_INTROSPECTED )
2019-10-01 14:52:58.309 END: completed in: 0ms, org.apache.isis.core.runtime.services.ixn.InteractionDtoServiceInternalDefault: #introspectUpTo( TYPE_AND_MEMBERS_INTROSPECTED )
2019-10-01 14:52:58.309 START: workQueue.size: 0, waited for: 708ms, org.apache.isis.core.runtime.services.memento.MementoServiceDefault: #introspectUpTo( TYPE_AND_MEMBERS_INTROSPECTED )
2019-10-01 14:52:58.309 END: completed in: 0ms, org.apache.isis.core.runtime.services.memento.MementoServiceDefault: #introspectUpTo( TYPE_AND_MEMBERS_INTROSPECTED )
2019-10-01 14:52:58.309 START: workQueue.size: 0, waited for: 708ms, org.apache.isis.core.runtime.services.metrics.MetricsServiceDefault: #introspectUpTo( TYPE_AND_MEMBERS_INTROSPECTED )
2019-10-01 14:52:58.309 END: completed in: 0ms, org.apache.isis.core.runtime.services.metrics.MetricsServiceDefault: #introspectUpTo( TYPE_AND_MEMBERS_INTROSPECTED )
2019-10-01 14:52:58.309 START: workQueue.size: 0, waited for: 708ms, org.apache.isis.core.runtime.services.publish.PublishingServiceInternalDefault: #introspectUpTo( TYPE_AND_MEMBERS_INTROSPECTED )
2019-10-01 14:52:58.309 END: completed in: 0ms, org.apache.isis.core.runtime.services.publish.PublishingServiceInternalDefault: #introspectUpTo( TYPE_AND_MEMBERS_INTROSPECTED )
2019-10-01 14:52:58.309 START: workQueue.size: 0, waited for: 708ms, org.apache.isis.core.runtime.services.sessmgmt.SessionManagementServiceDefault: #introspectUpTo( TYPE_AND_MEMBERS_INTROSPECTED )
2019-10-01 14:52:58.310 END: completed in: 0ms, org.apache.isis.core.runtime.services.sessmgmt.SessionManagementServiceDefault: #introspectUpTo( TYPE_AND_MEMBERS_INTROSPECTED )
2019-10-01 14:52:58.310 START: workQueue.size: 0, waited for: 709ms, org.apache.isis.core.runtime.services.sudo.SudoServiceDefault: #introspectUpTo( TYPE_AND_MEMBERS_INTROSPECTED )
2019-10-01 14:52:58.310 END: completed in: 0ms, org.apache.isis.core.runtime.services.sudo.SudoServiceDefault: #introspectUpTo( TYPE_AND_MEMBERS_INTROSPECTED )
2019-10-01 14:52:58.310 START: workQueue.size: 0, waited for: 709ms, org.apache.isis.core.runtime.services.userreg.EmailNotificationServiceDefault: #introspectUpTo( TYPE_AND_MEMBERS_INTROSPECTED )
2019-10-01 14:52:58.310 END: completed in: 0ms, org.apache.isis.core.runtime.services.userreg.EmailNotificationServiceDefault: #introspectUpTo( TYPE_AND_MEMBERS_INTROSPECTED )
2019-10-01 14:52:58.310 START: workQueue.size: 0, waited for: 709ms, org.apache.isis.core.runtime.services.xmlsnapshot.XmlSnapshotServiceDefault: #introspectUpTo( TYPE_AND_MEMBERS_INTROSPECTED )
2019-10-01 14:52:58.310 END: completed in: 0ms, org.apache.isis.core.runtime.services.xmlsnapshot.XmlSnapshotServiceDefault: #introspectUpTo( TYPE_AND_MEMBERS_INTROSPECTED )
2019-10-01 14:52:58.310 START: workQueue.size: 0, waited for: 709ms, org.apache.isis.objectstore.jdo.applib.service.exceprecog.ExceptionRecognizerCompositeForJdoObjectStore: #introspectUpTo( TYPE_AND_MEMBERS_INTROSPECTED )
2019-10-01 14:52:58.310 END: completed in: 0ms, org.apache.isis.objectstore.jdo.applib.service.exceprecog.ExceptionRecognizerCompositeForJdoObjectStore: #introspectUpTo( TYPE_AND_MEMBERS_INTROSPECTED )
2019-10-01 14:52:58.310 START: workQueue.size: 0, waited for: 709ms, org.apache.isis.objectstore.jdo.datanucleus.service.support.IsisJdoSupportImpl: #introspectUpTo( TYPE_AND_MEMBERS_INTROSPECTED )
2019-10-01 14:52:58.310 END: completed in: 0ms, org.apache.isis.objectstore.jdo.datanucleus.service.support.IsisJdoSupportImpl: #introspectUpTo( TYPE_AND_MEMBERS_INTROSPECTED )
2019-10-01 14:52:58.310 START: workQueue.size: 0, waited for: 709ms, org.apache.isis.objectstore.jdo.datanucleus.service.support.TimestampService: #introspectUpTo( TYPE_AND_MEMBERS_INTROSPECTED )
2019-10-01 14:52:58.310 END: completed in: 0ms, org.apache.isis.objectstore.jdo.datanucleus.service.support.TimestampService: #introspectUpTo( TYPE_AND_MEMBERS_INTROSPECTED )
2019-10-01 14:52:58.310 START: workQueue.size: 0, waited for: 709ms, org.apache.isis.schema.services.jaxb.JaxbServiceDefault: #introspectUpTo( TYPE_AND_MEMBERS_INTROSPECTED )
2019-10-01 14:52:58.311 END: completed in: 1ms, org.apache.isis.schema.services.jaxb.JaxbServiceDefault: #introspectUpTo( TYPE_AND_MEMBERS_INTROSPECTED )
2019-10-01 14:52:58.311 START: workQueue.size: 0, waited for: 710ms, org.apache.isis.viewer.restfulobjects.rendering.service.RepresentationServiceContentNegotiator: #introspectUpTo( TYPE_AND_MEMBERS_INTROSPECTED )
2019-10-01 14:52:58.311 END: completed in: 0ms, org.apache.isis.viewer.restfulobjects.rendering.service.RepresentationServiceContentNegotiator: #introspectUpTo( TYPE_AND_MEMBERS_INTROSPECTED )
2019-10-01 14:52:58.311 START: workQueue.size: 0, waited for: 710ms, org.apache.isis.viewer.restfulobjects.rendering.service.RepresentationServiceForRestfulObjects: #introspectUpTo( TYPE_AND_MEMBERS_INTROSPECTED )
2019-10-01 14:52:58.311 END: completed in: 0ms, org.apache.isis.viewer.restfulobjects.rendering.service.RepresentationServiceForRestfulObjects: #introspectUpTo( TYPE_AND_MEMBERS_INTROSPECTED )
2019-10-01 14:52:58.311 START: workQueue.size: 0, waited for: 710ms, org.apache.isis.viewer.restfulobjects.rendering.service.acceptheader.AcceptHeaderServiceForRest: #introspectUpTo( TYPE_AND_MEMBERS_INTROSPECTED )
2019-10-01 14:52:58.311 END: completed in: 0ms, org.apache.isis.viewer.restfulobjects.rendering.service.acceptheader.AcceptHeaderServiceForRest: #introspectUpTo( TYPE_AND_MEMBERS_INTROSPECTED )
2019-10-01 14:52:58.311 START: workQueue.size: 0, waited for: 710ms, org.apache.isis.viewer.restfulobjects.rendering.service.conneg.ContentNegotiationServiceForRestfulObjectsV1_0: #introspectUpTo( TYPE_AND_MEMBERS_INTROSPECTED )
2019-10-01 14:52:58.311 END: completed in: 0ms, org.apache.isis.viewer.restfulobjects.rendering.service.conneg.ContentNegotiationServiceForRestfulObjectsV1_0: #introspectUpTo( TYPE_AND_MEMBERS_INTROSPECTED )
2019-10-01 14:52:58.311 START: workQueue.size: 0, waited for: 710ms, org.apache.isis.viewer.wicket.viewer.services.BookmarkUiServiceWicket: #introspectUpTo( TYPE_AND_MEMBERS_INTROSPECTED )
2019-10-01 14:52:58.311 END: completed in: 0ms, org.apache.isis.viewer.wicket.viewer.services.BookmarkUiServiceWicket: #introspectUpTo( TYPE_AND_MEMBERS_INTROSPECTED )
2019-10-01 14:52:58.312 START: workQueue.size: 0, waited for: 710ms, org.apache.isis.viewer.wicket.viewer.services.DeepLinkServiceWicket: #introspectUpTo( TYPE_AND_MEMBERS_INTROSPECTED )
2019-10-01 14:52:58.312 END: completed in: 1ms, org.apache.isis.viewer.wicket.viewer.services.DeepLinkServiceWicket: #introspectUpTo( TYPE_AND_MEMBERS_INTROSPECTED )
2019-10-01 14:52:58.312 START: workQueue.size: 0, waited for: 711ms, org.apache.isis.viewer.wicket.viewer.services.GuiceBeanProviderWicket: #introspectUpTo( TYPE_AND_MEMBERS_INTROSPECTED )
2019-10-01 14:52:58.312 END: completed in: 0ms, org.apache.isis.viewer.wicket.viewer.services.GuiceBeanProviderWicket: #introspectUpTo( TYPE_AND_MEMBERS_INTROSPECTED )
2019-10-01 14:52:58.312 START: workQueue.size: 0, waited for: 711ms, org.apache.isis.viewer.wicket.viewer.services.HintStoreUsingWicketSession: #introspectUpTo( TYPE_AND_MEMBERS_INTROSPECTED )
2019-10-01 14:52:58.312 END: completed in: 0ms, org.apache.isis.viewer.wicket.viewer.services.HintStoreUsingWicketSession: #introspectUpTo( TYPE_AND_MEMBERS_INTROSPECTED )
2019-10-01 14:52:58.312 START: workQueue.size: 0, waited for: 711ms, org.apache.isis.viewer.wicket.viewer.services.LocaleProviderWicket: #introspectUpTo( TYPE_AND_MEMBERS_INTROSPECTED )
2019-10-01 14:52:58.312 END: completed in: 0ms, org.apache.isis.viewer.wicket.viewer.services.LocaleProviderWicket: #introspectUpTo( TYPE_AND_MEMBERS_INTROSPECTED )
2019-10-01 14:52:58.312 START: workQueue.size: 0, waited for: 711ms, org.apache.isis.viewer.wicket.viewer.services.TranslationsResolverWicket: #introspectUpTo( TYPE_AND_MEMBERS_INTROSPECTED )
2019-10-01 14:52:58.312 END: completed in: 0ms, org.apache.isis.viewer.wicket.viewer.services.TranslationsResolverWicket: #introspectUpTo( TYPE_AND_MEMBERS_INTROSPECTED )
2019-10-01 14:52:58.307 START: workQueue.size: 0, waited for: 706ms, org.apache.isis.core.runtime.services.auditing.AuditingServiceInternal: #introspectUpTo( TYPE_AND_MEMBERS_INTROSPECTED )
2019-10-01 14:52:58.314 END: completed in: 7ms, org.apache.isis.core.runtime.services.auditing.AuditingServiceInternal: #introspectUpTo( TYPE_AND_MEMBERS_INTROSPECTED )
2019-10-01 14:52:58.314 join'ing 99 tasks: waited 0 milliseconds 
2019-10-01 14:52:58.315 START: workQueue.size: 0, waited for: 0ms, org.apache.isis.applib.services.bookmark.BookmarkHolder_object: #introspectUpTo( TYPE_AND_MEMBERS_INTROSPECTED )
2019-10-01 14:52:58.315 START: workQueue.size: 0, waited for: 0ms, org.apache.isis.applib.services.dto.Dto_downloadXml: #introspectUpTo( TYPE_AND_MEMBERS_INTROSPECTED )
2019-10-01 14:52:58.317 END: completed in: 2ms, org.apache.isis.applib.services.bookmark.BookmarkHolder_object: #introspectUpTo( TYPE_AND_MEMBERS_INTROSPECTED )
2019-10-01 14:52:58.317 START: workQueue.size: 0, waited for: 2ms, org.apache.isis.viewer.wicket.viewer.services.Object_clearHints: #introspectUpTo( TYPE_AND_MEMBERS_INTROSPECTED )
2019-10-01 14:52:58.318 END: completed in: 3ms, org.apache.isis.applib.services.dto.Dto_downloadXml: #introspectUpTo( TYPE_AND_MEMBERS_INTROSPECTED )
2019-10-01 14:52:58.318 START: workQueue.size: 0, waited for: 3ms, org.apache.isis.core.metamodel.services.jdosupport.Persistable_downloadJdoMetadata: #introspectUpTo( TYPE_AND_MEMBERS_INTROSPECTED )
2019-10-01 14:52:58.322 END: completed in: 4ms, org.apache.isis.core.metamodel.services.jdosupport.Persistable_downloadJdoMetadata: #introspectUpTo( TYPE_AND_MEMBERS_INTROSPECTED )
2019-10-01 14:52:58.322 START: workQueue.size: 0, waited for: 7ms, org.apache.isis.core.metamodel.services.jdosupport.Persistable_datanucleusVersionTimestamp: #introspectUpTo( TYPE_AND_MEMBERS_INTROSPECTED )
2019-10-01 14:52:58.322 END: completed in: 5ms, org.apache.isis.viewer.wicket.viewer.services.Object_clearHints: #introspectUpTo( TYPE_AND_MEMBERS_INTROSPECTED )
2019-10-01 14:52:58.322 START: workQueue.size: 0, waited for: 7ms, org.apache.isis.applib.services.layout.Object_rebuildMetamodel: #introspectUpTo( TYPE_AND_MEMBERS_INTROSPECTED )
2019-10-01 14:52:58.323 END: completed in: 1ms, org.apache.isis.applib.services.layout.Object_rebuildMetamodel: #introspectUpTo( TYPE_AND_MEMBERS_INTROSPECTED )
2019-10-01 14:52:58.323 START: workQueue.size: 0, waited for: 8ms, org.apache.isis.applib.services.layout.Object_downloadLayoutXml: #introspectUpTo( TYPE_AND_MEMBERS_INTROSPECTED )
2019-10-01 14:52:58.324 END: completed in: 2ms, org.apache.isis.core.metamodel.services.jdosupport.Persistable_datanucleusVersionTimestamp: #introspectUpTo( TYPE_AND_MEMBERS_INTROSPECTED )
2019-10-01 14:52:58.326 START: workQueue.size: 0, waited for: 11ms, org.apache.isis.core.metamodel.services.jdosupport.Persistable_datanucleusIdLong: #introspectUpTo( TYPE_AND_MEMBERS_INTROSPECTED )
2019-10-01 14:52:58.327 END: completed in: 4ms, org.apache.isis.applib.services.layout.Object_downloadLayoutXml: #introspectUpTo( TYPE_AND_MEMBERS_INTROSPECTED )
2019-10-01 14:52:58.327 START: workQueue.size: 0, waited for: 12ms, org.apache.isis.core.metamodel.services.jdosupport.Persistable_datanucleusVersionLong: #introspectUpTo( TYPE_AND_MEMBERS_INTROSPECTED )
2019-10-01 14:52:58.340 END: completed in: 13ms, org.apache.isis.core.metamodel.services.jdosupport.Persistable_datanucleusVersionLong: #introspectUpTo( TYPE_AND_MEMBERS_INTROSPECTED )
2019-10-01 14:52:58.340 START: workQueue.size: 0, waited for: 25ms, org.apache.isis.applib.services.bookmark.BookmarkHolder_lookup: #introspectUpTo( TYPE_AND_MEMBERS_INTROSPECTED )
2019-10-01 14:52:58.341 END: completed in: 15ms, org.apache.isis.core.metamodel.services.jdosupport.Persistable_datanucleusIdLong: #introspectUpTo( TYPE_AND_MEMBERS_INTROSPECTED )
2019-10-01 14:52:58.342 END: completed in: 2ms, org.apache.isis.applib.services.bookmark.BookmarkHolder_lookup: #introspectUpTo( TYPE_AND_MEMBERS_INTROSPECTED )
2019-10-01 14:52:58.342 START: workQueue.size: 0, waited for: 27ms, org.apache.isis.applib.services.dto.Dto_downloadXsd: #introspectUpTo( TYPE_AND_MEMBERS_INTROSPECTED )
2019-10-01 14:52:58.342 START: workQueue.size: 0, waited for: 27ms, org.apache.isis.applib.services.layout.Object_openRestApi: #introspectUpTo( TYPE_AND_MEMBERS_INTROSPECTED )
2019-10-01 14:52:58.343 END: completed in: 1ms, org.apache.isis.applib.services.layout.Object_openRestApi: #introspectUpTo( TYPE_AND_MEMBERS_INTROSPECTED )
2019-10-01 14:52:58.346 END: completed in: 4ms, org.apache.isis.applib.services.dto.Dto_downloadXsd: #introspectUpTo( TYPE_AND_MEMBERS_INTROSPECTED )
2019-10-01 14:52:58.346 join'ing 12 tasks: waited 0 milliseconds 
2019-10-01 14:52:58.347 END: completed in: 2414ms, SpecificationLoader#init()
2019-10-01 14:52:58.818 END: completed in: 2885ms, persistenceSessionFactory#init(...)
2019-10-01 14:52:58.818 join'ing 5 tasks: waited 0 milliseconds 
2019-10-01 14:52:59.204 join'ing 3 tasks: waited 0 milliseconds 
